2021-04-11 16:26:24,226 INFO com.cg.aps.application.ApartmentSecurityAppApplication [restartedMain] Starting ApartmentSecurityAppApplication using Java 1.8.0_281 on RAMSAI-VAJRAPU with PID 20932 (E:\CG Sprints\main\Apartment-Security-App\target\classes started by Ram Sai Vajrapu in E:\CG Sprints\main\Apartment-Security-App)
2021-04-11 16:26:24,278 DEBUG com.cg.aps.application.ApartmentSecurityAppApplication [restartedMain] Running with Spring Boot v2.4.3, Spring v5.3.4
2021-04-11 16:26:24,278 INFO com.cg.aps.application.ApartmentSecurityAppApplication [restartedMain] No active profile set, falling back to default profiles: default
2021-04-11 16:26:24,383 INFO org.springframework.boot.devtools.env.DevToolsPropertyDefaultsPostProcessor [restartedMain] Devtools property defaults active! Set 'spring.devtools.add-properties' to 'false' to disable
2021-04-11 16:26:24,401 INFO org.springframework.boot.devtools.env.DevToolsPropertyDefaultsPostProcessor [restartedMain] For additional web related logging consider setting the 'logging.level.web' property to 'DEBUG'
2021-04-11 16:26:25,611 INFO org.springframework.data.repository.config.RepositoryConfigurationDelegate [restartedMain] Bootstrapping Spring Data JPA repositories in DEFAULT mode.
2021-04-11 16:26:25,712 INFO org.springframework.data.repository.config.RepositoryConfigurationDelegate [restartedMain] Finished Spring Data repository scanning in 91 ms. Found 10 JPA repository interfaces.
2021-04-11 16:26:28,323 INFO org.springframework.boot.web.embedded.tomcat.TomcatWebServer [restartedMain] Tomcat initialized with port(s): 8085 (http)
2021-04-11 16:26:28,334 INFO org.apache.coyote.http11.Http11NioProtocol [restartedMain] Initializing ProtocolHandler ["http-nio-8085"]
2021-04-11 16:26:28,334 INFO org.apache.catalina.core.StandardService [restartedMain] Starting service [Tomcat]
2021-04-11 16:26:28,334 INFO org.apache.catalina.core.StandardEngine [restartedMain] Starting Servlet engine: [Apache Tomcat/9.0.43]
2021-04-11 16:26:28,479 INFO org.apache.catalina.core.ContainerBase.[Tomcat].[localhost].[/springfox] [restartedMain] Initializing Spring embedded WebApplicationContext
2021-04-11 16:26:28,479 INFO org.springframework.boot.web.servlet.context.ServletWebServerApplicationContext [restartedMain] Root WebApplicationContext: initialization completed in 4076 ms
2021-04-11 16:26:28,827 INFO org.hibernate.jpa.internal.util.LogHelper [restartedMain] HHH000204: Processing PersistenceUnitInfo [name: default]
2021-04-11 16:26:28,896 INFO org.hibernate.Version [restartedMain] HHH000412: Hibernate ORM core version 5.4.28.Final
2021-04-11 16:26:29,132 INFO org.hibernate.annotations.common.Version [restartedMain] HCANN000001: Hibernate Commons Annotations {5.1.2.Final}
2021-04-11 16:26:29,331 INFO com.zaxxer.hikari.HikariDataSource [restartedMain] HikariPool-1 - Starting...
2021-04-11 16:26:30,444 INFO com.zaxxer.hikari.HikariDataSource [restartedMain] HikariPool-1 - Start completed.
2021-04-11 16:26:30,488 INFO org.hibernate.dialect.Dialect [restartedMain] HHH000400: Using dialect: org.hibernate.dialect.PostgreSQL10Dialect
2021-04-11 16:26:35,923 INFO org.hibernate.engine.transaction.jta.platform.internal.JtaPlatformInitiator [restartedMain] HHH000490: Using JtaPlatform implementation: [org.hibernate.engine.transaction.jta.platform.internal.NoJtaPlatform]
2021-04-11 16:26:35,987 INFO org.springframework.orm.jpa.LocalContainerEntityManagerFactoryBean [restartedMain] Initialized JPA EntityManagerFactory for persistence unit 'default'
2021-04-11 16:26:36,056 INFO org.springframework.boot.devtools.autoconfigure.OptionalLiveReloadServer [restartedMain] LiveReload server is running on port 35729
2021-04-11 16:26:41,546 WARN org.springframework.boot.autoconfigure.orm.jpa.JpaBaseConfiguration$JpaWebConfiguration [restartedMain] spring.jpa.open-in-view is enabled by default. Therefore, database queries may be performed during view rendering. Explicitly configure spring.jpa.open-in-view to disable this warning
2021-04-11 16:26:42,587 INFO org.springframework.boot.actuate.endpoint.web.EndpointLinksResolver [restartedMain] Exposing 2 endpoint(s) beneath base path '/actuator'
2021-04-11 16:26:43,845 INFO org.apache.coyote.http11.Http11NioProtocol [restartedMain] Starting ProtocolHandler ["http-nio-8085"]
2021-04-11 16:26:43,995 INFO org.springframework.boot.web.embedded.tomcat.TomcatWebServer [restartedMain] Tomcat started on port(s): 8085 (http) with context path '/springfox'
2021-04-11 16:26:44,298 INFO org.apache.catalina.core.ContainerBase.[Tomcat].[localhost].[/springfox] [http-nio-8085-exec-1] Initializing Spring DispatcherServlet 'dispatcherServlet'
2021-04-11 16:26:44,299 INFO org.springframework.web.servlet.DispatcherServlet [http-nio-8085-exec-1] Initializing Servlet 'dispatcherServlet'
2021-04-11 16:26:44,302 INFO org.springframework.web.servlet.DispatcherServlet [http-nio-8085-exec-1] Completed initialization in 3 ms
2021-04-11 16:26:45,334 INFO com.cg.aps.application.ApartmentSecurityAppApplication [restartedMain] Started ApartmentSecurityAppApplication in 21.612 seconds (JVM running for 22.431)
2021-04-11 16:26:55,160 DEBUG com.cg.aps.aspect.LoggerAspectUser [http-nio-8085-exec-10] Entering method : com.cg.aps.controller.UserController.getAllOwners() with argument[s] = []
2021-04-11 16:26:55,395 DEBUG com.cg.aps.aspect.LoggerAspectUser [http-nio-8085-exec-10] Exiting method: com.cg.aps.controller.UserController.getAllOwners() with result = <200 OK OK,[],[]>
2021-04-11 16:27:40,767 DEBUG com.cg.aps.aspect.LoggerAspectUser [http-nio-8085-exec-1] Entering method : com.cg.aps.controller.UserController.addUser() with argument[s] = [User(userId=12345, password=abc, name=abc, mobileNo=9876543210, emailId=abc@abc.com, role=owner, owner=null, guard=null)]
2021-04-11 16:27:40,958 DEBUG com.cg.aps.aspect.LoggerAspectUser [http-nio-8085-exec-1] Exiting method: com.cg.aps.controller.UserController.addUser() with result = <200 OK OK,12345,[]>
2021-04-11 16:27:50,908 DEBUG com.cg.aps.aspect.LoggerAspectUser [http-nio-8085-exec-3] Entering method : com.cg.aps.controller.UserController.getAllOwners() with argument[s] = []
2021-04-11 16:27:50,981 DEBUG com.cg.aps.aspect.LoggerAspectUser [http-nio-8085-exec-3] Exiting method: com.cg.aps.controller.UserController.getAllOwners() with result = <200 OK OK,[Owner(ownerId=12345, ownerName=abc, mobileNo=9876543210, emailId=abc@abc.com, deliverySet=[], helpSet=[], visitorSet=[], vehicleSet=[], alertSet=[], flatDetails=null, user=null)],[]>
2021-04-11 16:31:40,197 DEBUG com.cg.aps.aspect.LoggerAspectUser [http-nio-8085-exec-5] Entering method : com.cg.aps.controller.UserController.getAllOwners() with argument[s] = []
2021-04-11 16:31:40,202 DEBUG com.cg.aps.aspect.LoggerAspectUser [http-nio-8085-exec-5] Exiting method: com.cg.aps.controller.UserController.getAllOwners() with result = <200 OK OK,[Owner(ownerId=12345, ownerName=abc, mobileNo=9876543210, emailId=abc@abc.com, deliverySet=[], helpSet=[], visitorSet=[], vehicleSet=[], alertSet=[], flatDetails=null, user=null)],[]>
