2021-04-12 11:11:46,638 INFO com.cg.aps.application.ApartmentSecurityAppApplication [restartedMain] Starting ApartmentSecurityAppApplication using Java 1.8.0_281 on RAMSAI-VAJRAPU with PID 18264 (E:\CG Sprints\main\Apartment-Security-App\target\classes started by Ram Sai Vajrapu in E:\CG Sprints\main\Apartment-Security-App)
2021-04-12 11:11:46,666 DEBUG com.cg.aps.application.ApartmentSecurityAppApplication [restartedMain] Running with Spring Boot v2.4.3, Spring v5.3.4
2021-04-12 11:11:46,667 INFO com.cg.aps.application.ApartmentSecurityAppApplication [restartedMain] No active profile set, falling back to default profiles: default
2021-04-12 11:11:46,970 INFO org.springframework.boot.devtools.env.DevToolsPropertyDefaultsPostProcessor [restartedMain] Devtools property defaults active! Set 'spring.devtools.add-properties' to 'false' to disable
2021-04-12 11:11:46,971 INFO org.springframework.boot.devtools.env.DevToolsPropertyDefaultsPostProcessor [restartedMain] For additional web related logging consider setting the 'logging.level.web' property to 'DEBUG'
2021-04-12 11:11:48,164 INFO org.springframework.data.repository.config.RepositoryConfigurationDelegate [restartedMain] Bootstrapping Spring Data JPA repositories in DEFAULT mode.
2021-04-12 11:11:48,269 INFO org.springframework.data.repository.config.RepositoryConfigurationDelegate [restartedMain] Finished Spring Data repository scanning in 94 ms. Found 10 JPA repository interfaces.
2021-04-12 11:11:49,624 INFO org.springframework.boot.web.embedded.tomcat.TomcatWebServer [restartedMain] Tomcat initialized with port(s): 8085 (http)
2021-04-12 11:11:49,634 INFO org.apache.coyote.http11.Http11NioProtocol [restartedMain] Initializing ProtocolHandler ["http-nio-8085"]
2021-04-12 11:11:49,634 INFO org.apache.catalina.core.StandardService [restartedMain] Starting service [Tomcat]
2021-04-12 11:11:49,634 INFO org.apache.catalina.core.StandardEngine [restartedMain] Starting Servlet engine: [Apache Tomcat/9.0.43]
2021-04-12 11:11:49,772 INFO org.apache.catalina.core.ContainerBase.[Tomcat].[localhost].[/springfox] [restartedMain] Initializing Spring embedded WebApplicationContext
2021-04-12 11:11:49,772 INFO org.springframework.boot.web.servlet.context.ServletWebServerApplicationContext [restartedMain] Root WebApplicationContext: initialization completed in 2801 ms
2021-04-12 11:11:50,100 INFO org.hibernate.jpa.internal.util.LogHelper [restartedMain] HHH000204: Processing PersistenceUnitInfo [name: default]
2021-04-12 11:11:50,160 INFO org.hibernate.Version [restartedMain] HHH000412: Hibernate ORM core version 5.4.28.Final
2021-04-12 11:11:50,315 INFO org.hibernate.annotations.common.Version [restartedMain] HCANN000001: Hibernate Commons Annotations {5.1.2.Final}
2021-04-12 11:11:50,427 INFO com.zaxxer.hikari.HikariDataSource [restartedMain] HikariPool-1 - Starting...
2021-04-12 11:11:51,050 INFO com.zaxxer.hikari.HikariDataSource [restartedMain] HikariPool-1 - Start completed.
2021-04-12 11:11:51,088 INFO org.hibernate.dialect.Dialect [restartedMain] HHH000400: Using dialect: org.hibernate.dialect.PostgreSQL10Dialect
2021-04-12 11:11:53,190 INFO org.hibernate.engine.transaction.jta.platform.internal.JtaPlatformInitiator [restartedMain] HHH000490: Using JtaPlatform implementation: [org.hibernate.engine.transaction.jta.platform.internal.NoJtaPlatform]
2021-04-12 11:11:53,201 INFO org.springframework.orm.jpa.LocalContainerEntityManagerFactoryBean [restartedMain] Initialized JPA EntityManagerFactory for persistence unit 'default'
2021-04-12 11:11:53,271 INFO org.springframework.boot.devtools.autoconfigure.OptionalLiveReloadServer [restartedMain] LiveReload server is running on port 35729
2021-04-12 11:11:54,603 WARN org.springframework.boot.autoconfigure.orm.jpa.JpaBaseConfiguration$JpaWebConfiguration [restartedMain] spring.jpa.open-in-view is enabled by default. Therefore, database queries may be performed during view rendering. Explicitly configure spring.jpa.open-in-view to disable this warning
2021-04-12 11:11:54,941 INFO org.springframework.boot.actuate.endpoint.web.EndpointLinksResolver [restartedMain] Exposing 2 endpoint(s) beneath base path '/actuator'
2021-04-12 11:11:55,579 INFO org.apache.coyote.http11.Http11NioProtocol [restartedMain] Starting ProtocolHandler ["http-nio-8085"]
2021-04-12 11:11:55,600 INFO org.springframework.boot.web.embedded.tomcat.TomcatWebServer [restartedMain] Tomcat started on port(s): 8085 (http) with context path '/springfox'
2021-04-12 11:11:56,157 INFO com.cg.aps.application.ApartmentSecurityAppApplication [restartedMain] Started ApartmentSecurityAppApplication in 10.121 seconds (JVM running for 10.77)
2021-04-12 11:18:56,738 INFO org.apache.catalina.core.ContainerBase.[Tomcat].[localhost].[/springfox] [http-nio-8085-exec-1] Initializing Spring DispatcherServlet 'dispatcherServlet'
2021-04-12 11:18:56,738 INFO org.springframework.web.servlet.DispatcherServlet [http-nio-8085-exec-1] Initializing Servlet 'dispatcherServlet'
2021-04-12 11:18:56,742 INFO org.springframework.web.servlet.DispatcherServlet [http-nio-8085-exec-1] Completed initialization in 3 ms
2021-04-12 11:18:56,796 DEBUG com.cg.aps.aspect.LoggerAspectOwner [http-nio-8085-exec-1] Entering method : com.cg.aps.controller.OwnerController.getAllAlerts() with argument[s] = []
2021-04-12 11:18:56,893 DEBUG com.cg.aps.aspect.LoggerAspectOwner [http-nio-8085-exec-1] Exiting method: com.cg.aps.controller.OwnerController.getAllAlerts() with result = <200 OK OK,[],[]>
2021-04-12 11:20:31,763 DEBUG com.cg.aps.aspect.LoggerAspectOwner [http-nio-8085-exec-4] Entering method : com.cg.aps.controller.OwnerController.addAlert() with argument[s] = [SecurityAlert(id=null, alertMessage=Please help there is a problem, alertType=Emergency, alertDate=2021-10-21, guard=null, owner=null)]
2021-04-12 11:20:31,911 DEBUG com.cg.aps.aspect.LoggerAspectOwner [http-nio-8085-exec-4] Exiting method: com.cg.aps.controller.OwnerController.addAlert() with result = <200 OK OK,11,[]>
2021-04-12 11:20:31,960 DEBUG com.cg.aps.aspect.LoggerAspectOwner [http-nio-8085-exec-5] Entering method : com.cg.aps.controller.OwnerController.getAllAlerts() with argument[s] = []
2021-04-12 11:20:31,972 DEBUG com.cg.aps.aspect.LoggerAspectOwner [http-nio-8085-exec-5] Exiting method: com.cg.aps.controller.OwnerController.getAllAlerts() with result = <200 OK OK,[SecurityAlert(id=11, alertMessage=Please help there is a problem, alertType=Emergency, alertDate=2021-10-21, guard=null, owner=null)],[]>
2021-04-12 11:20:44,691 DEBUG com.cg.aps.aspect.LoggerAspectOwner [http-nio-8085-exec-6] Entering method : com.cg.aps.controller.OwnerController.getAllAlerts() with argument[s] = []
2021-04-12 11:20:44,694 DEBUG com.cg.aps.aspect.LoggerAspectOwner [http-nio-8085-exec-6] Exiting method: com.cg.aps.controller.OwnerController.getAllAlerts() with result = <200 OK OK,[SecurityAlert(id=11, alertMessage=Please help there is a problem, alertType=Emergency, alertDate=2021-10-21, guard=null, owner=null)],[]>
2021-04-12 11:22:08,820 DEBUG com.cg.aps.aspect.LoggerAspectOwner [http-nio-8085-exec-8] Entering method : com.cg.aps.controller.OwnerController.getAlertById() with argument[s] = [11]
2021-04-12 11:22:08,833 DEBUG com.cg.aps.aspect.LoggerAspectOwner [http-nio-8085-exec-8] Exiting method: com.cg.aps.controller.OwnerController.getAlertById() with result = <200 OK OK,SecurityAlert(id=11, alertMessage=Please help there is a problem, alertType=Emergency, alertDate=2021-10-21, guard=null, owner=null),[]>
2021-04-12 11:22:11,393 DEBUG com.cg.aps.aspect.LoggerAspectOwner [http-nio-8085-exec-9] Entering method : com.cg.aps.controller.OwnerController.getAllAlerts() with argument[s] = []
2021-04-12 11:22:11,396 DEBUG com.cg.aps.aspect.LoggerAspectOwner [http-nio-8085-exec-9] Exiting method: com.cg.aps.controller.OwnerController.getAllAlerts() with result = <200 OK OK,[SecurityAlert(id=11, alertMessage=Please help there is a problem, alertType=Emergency, alertDate=2021-10-21, guard=null, owner=null)],[]>
2021-04-12 11:22:13,305 DEBUG com.cg.aps.aspect.LoggerAspectOwner [http-nio-8085-exec-10] Entering method : com.cg.aps.controller.OwnerController.getAlertById() with argument[s] = [11]
2021-04-12 11:22:13,308 DEBUG com.cg.aps.aspect.LoggerAspectOwner [http-nio-8085-exec-10] Exiting method: com.cg.aps.controller.OwnerController.getAlertById() with result = <200 OK OK,SecurityAlert(id=11, alertMessage=Please help there is a problem, alertType=Emergency, alertDate=2021-10-21, guard=null, owner=null),[]>
2021-04-12 11:22:15,911 DEBUG com.cg.aps.aspect.LoggerAspectOwner [http-nio-8085-exec-1] Entering method : com.cg.aps.controller.OwnerController.getAllAlerts() with argument[s] = []
2021-04-12 11:22:15,914 DEBUG com.cg.aps.aspect.LoggerAspectOwner [http-nio-8085-exec-1] Exiting method: com.cg.aps.controller.OwnerController.getAllAlerts() with result = <200 OK OK,[SecurityAlert(id=11, alertMessage=Please help there is a problem, alertType=Emergency, alertDate=2021-10-21, guard=null, owner=null)],[]>
2021-04-12 11:23:36,840 DEBUG com.cg.aps.aspect.LoggerAspectOwner [http-nio-8085-exec-3] Entering method : com.cg.aps.controller.OwnerController.getAlertById() with argument[s] = [11]
2021-04-12 11:23:36,843 DEBUG com.cg.aps.aspect.LoggerAspectOwner [http-nio-8085-exec-3] Exiting method: com.cg.aps.controller.OwnerController.getAlertById() with result = <200 OK OK,SecurityAlert(id=11, alertMessage=Please help there is a problem, alertType=Emergency, alertDate=2021-10-21, guard=null, owner=null),[]>
2021-04-12 11:24:06,331 DEBUG com.cg.aps.aspect.LoggerAspectOwner [http-nio-8085-exec-9] Entering method : com.cg.aps.controller.OwnerController.getAllAlerts() with argument[s] = []
2021-04-12 11:24:06,410 DEBUG com.cg.aps.aspect.LoggerAspectOwner [http-nio-8085-exec-9] Exiting method: com.cg.aps.controller.OwnerController.getAllAlerts() with result = <200 OK OK,[SecurityAlert(id=11, alertMessage=Please help there is a problem, alertType=Emergency, alertDate=2021-10-21, guard=null, owner=null)],[]>
2021-04-12 11:24:37,132 DEBUG com.cg.aps.aspect.LoggerAspectOwner [http-nio-8085-exec-10] Entering method : com.cg.aps.controller.OwnerController.getAlertById() with argument[s] = [11]
2021-04-12 11:24:37,135 DEBUG com.cg.aps.aspect.LoggerAspectOwner [http-nio-8085-exec-10] Exiting method: com.cg.aps.controller.OwnerController.getAlertById() with result = <200 OK OK,SecurityAlert(id=11, alertMessage=Please help there is a problem, alertType=Emergency, alertDate=2021-10-21, guard=null, owner=null),[]>
2021-04-12 11:24:38,959 DEBUG com.cg.aps.aspect.LoggerAspectOwner [http-nio-8085-exec-1] Entering method : com.cg.aps.controller.OwnerController.getAllAlerts() with argument[s] = []
2021-04-12 11:24:38,962 DEBUG com.cg.aps.aspect.LoggerAspectOwner [http-nio-8085-exec-1] Exiting method: com.cg.aps.controller.OwnerController.getAllAlerts() with result = <200 OK OK,[SecurityAlert(id=11, alertMessage=Please help there is a problem, alertType=Emergency, alertDate=2021-10-21, guard=null, owner=null)],[]>
2021-04-12 12:03:48,664 DEBUG com.cg.aps.aspect.LoggerAspectOwner [http-nio-8085-exec-7] Entering method : com.cg.aps.controller.OwnerController.getAlertById() with argument[s] = [11]
2021-04-12 12:03:48,674 DEBUG com.cg.aps.aspect.LoggerAspectOwner [http-nio-8085-exec-7] Exiting method: com.cg.aps.controller.OwnerController.getAlertById() with result = <200 OK OK,SecurityAlert(id=11, alertMessage=Please help there is a problem, alertType=Emergency, alertDate=2021-10-21, guard=null, owner=null),[]>
2021-04-12 12:03:51,351 DEBUG com.cg.aps.aspect.LoggerAspectOwner [http-nio-8085-exec-9] Entering method : com.cg.aps.controller.OwnerController.getAllAlerts() with argument[s] = []
2021-04-12 12:03:51,355 DEBUG com.cg.aps.aspect.LoggerAspectOwner [http-nio-8085-exec-9] Exiting method: com.cg.aps.controller.OwnerController.getAllAlerts() with result = <200 OK OK,[SecurityAlert(id=11, alertMessage=Please help there is a problem, alertType=Emergency, alertDate=2021-10-21, guard=null, owner=null)],[]>
2021-04-12 12:03:55,517 DEBUG com.cg.aps.aspect.LoggerAspectOwner [http-nio-8085-exec-1] Entering method : com.cg.aps.controller.OwnerController.getAlertById() with argument[s] = [11]
2021-04-12 12:03:55,521 DEBUG com.cg.aps.aspect.LoggerAspectOwner [http-nio-8085-exec-1] Exiting method: com.cg.aps.controller.OwnerController.getAlertById() with result = <200 OK OK,SecurityAlert(id=11, alertMessage=Please help there is a problem, alertType=Emergency, alertDate=2021-10-21, guard=null, owner=null),[]>
2021-04-12 12:03:56,576 DEBUG com.cg.aps.aspect.LoggerAspectOwner [http-nio-8085-exec-2] Entering method : com.cg.aps.controller.OwnerController.getAllAlerts() with argument[s] = []
2021-04-12 12:03:56,581 DEBUG com.cg.aps.aspect.LoggerAspectOwner [http-nio-8085-exec-2] Exiting method: com.cg.aps.controller.OwnerController.getAllAlerts() with result = <200 OK OK,[SecurityAlert(id=11, alertMessage=Please help there is a problem, alertType=Emergency, alertDate=2021-10-21, guard=null, owner=null)],[]>
2021-04-12 12:05:36,479 DEBUG com.cg.aps.aspect.LoggerAspectOwner [http-nio-8085-exec-4] Entering method : com.cg.aps.controller.OwnerController.getAlertById() with argument[s] = [11]
2021-04-12 12:05:36,484 DEBUG com.cg.aps.aspect.LoggerAspectOwner [http-nio-8085-exec-4] Exiting method: com.cg.aps.controller.OwnerController.getAlertById() with result = <200 OK OK,SecurityAlert(id=11, alertMessage=Please help there is a problem, alertType=Emergency, alertDate=2021-10-21, guard=null, owner=null),[]>
2021-04-12 12:05:38,574 DEBUG com.cg.aps.aspect.LoggerAspectOwner [http-nio-8085-exec-6] Entering method : com.cg.aps.controller.OwnerController.getAllAlerts() with argument[s] = []
2021-04-12 12:05:38,578 DEBUG com.cg.aps.aspect.LoggerAspectOwner [http-nio-8085-exec-6] Exiting method: com.cg.aps.controller.OwnerController.getAllAlerts() with result = <200 OK OK,[SecurityAlert(id=11, alertMessage=Please help there is a problem, alertType=Emergency, alertDate=2021-10-21, guard=null, owner=null)],[]>
2021-04-12 12:07:01,979 DEBUG com.cg.aps.aspect.LoggerAspectOwner [http-nio-8085-exec-8] Entering method : com.cg.aps.controller.OwnerController.getAlertById() with argument[s] = [11]
2021-04-12 12:07:01,982 DEBUG com.cg.aps.aspect.LoggerAspectOwner [http-nio-8085-exec-8] Exiting method: com.cg.aps.controller.OwnerController.getAlertById() with result = <200 OK OK,SecurityAlert(id=11, alertMessage=Please help there is a problem, alertType=Emergency, alertDate=2021-10-21, guard=null, owner=null),[]>
2021-04-12 12:07:06,276 DEBUG com.cg.aps.aspect.LoggerAspectOwner [http-nio-8085-exec-10] Entering method : com.cg.aps.controller.OwnerController.getAllAlerts() with argument[s] = []
2021-04-12 12:07:06,279 DEBUG com.cg.aps.aspect.LoggerAspectOwner [http-nio-8085-exec-10] Exiting method: com.cg.aps.controller.OwnerController.getAllAlerts() with result = <200 OK OK,[SecurityAlert(id=11, alertMessage=Please help there is a problem, alertType=Emergency, alertDate=2021-10-21, guard=null, owner=null)],[]>
2021-04-12 12:11:15,011 DEBUG com.cg.aps.aspect.LoggerAspectOwner [http-nio-8085-exec-6] Entering method : com.cg.aps.controller.OwnerController.getAllAlerts() with argument[s] = []
2021-04-12 12:11:15,020 DEBUG com.cg.aps.aspect.LoggerAspectOwner [http-nio-8085-exec-6] Exiting method: com.cg.aps.controller.OwnerController.getAllAlerts() with result = <200 OK OK,[SecurityAlert(id=11, alertMessage=Please help there is a problem, alertType=Emergency, alertDate=2021-10-21, guard=null, owner=null)],[]>
2021-04-12 12:11:36,822 DEBUG com.cg.aps.aspect.LoggerAspectOwner [http-nio-8085-exec-7] Entering method : com.cg.aps.controller.OwnerController.updateEmployee() with argument[s] = [SecurityAlert(id=11, alertMessage=Please help there is a problem, alertType=Emergency, alertDate=2021-10-21, guard=null, owner=null)]
2021-04-12 12:11:36,901 DEBUG com.cg.aps.aspect.LoggerAspectOwner [http-nio-8085-exec-7] Exiting method: com.cg.aps.controller.OwnerController.updateEmployee() with result = <200 OK OK,updated successfully,[]>
2021-04-12 12:11:50,108 DEBUG com.cg.aps.aspect.LoggerAspectOwner [http-nio-8085-exec-8] Entering method : com.cg.aps.controller.OwnerController.updateEmployee() with argument[s] = [SecurityAlert(id=11, alertMessage=Please help there is a problem, alertType=Not Emergency, alertDate=2021-10-21, guard=null, owner=null)]
2021-04-12 12:11:50,179 DEBUG com.cg.aps.aspect.LoggerAspectOwner [http-nio-8085-exec-8] Exiting method: com.cg.aps.controller.OwnerController.updateEmployee() with result = <200 OK OK,updated successfully,[]>
2021-04-12 12:11:57,234 DEBUG com.cg.aps.aspect.LoggerAspectOwner [http-nio-8085-exec-9] Entering method : com.cg.aps.controller.OwnerController.getAllAlerts() with argument[s] = []
2021-04-12 12:11:57,237 DEBUG com.cg.aps.aspect.LoggerAspectOwner [http-nio-8085-exec-9] Exiting method: com.cg.aps.controller.OwnerController.getAllAlerts() with result = <200 OK OK,[SecurityAlert(id=11, alertMessage=Please help there is a problem, alertType=Not Emergency, alertDate=2021-10-21, guard=null, owner=null)],[]>
2021-04-12 12:16:46,131 DEBUG com.cg.aps.aspect.LoggerAspectOwner [http-nio-8085-exec-2] Entering method : com.cg.aps.controller.OwnerController.getAllAlerts() with argument[s] = []
2021-04-12 12:16:46,134 DEBUG com.cg.aps.aspect.LoggerAspectOwner [http-nio-8085-exec-2] Exiting method: com.cg.aps.controller.OwnerController.getAllAlerts() with result = <200 OK OK,[SecurityAlert(id=11, alertMessage=Please help there is a problem, alertType=Not Emergency, alertDate=2021-10-21, guard=null, owner=null)],[]>
2021-04-12 12:16:47,880 DEBUG com.cg.aps.aspect.LoggerAspectOwner [http-nio-8085-exec-3] Entering method : com.cg.aps.controller.OwnerController.getAlertById() with argument[s] = [11]
2021-04-12 12:16:47,883 DEBUG com.cg.aps.aspect.LoggerAspectOwner [http-nio-8085-exec-3] Exiting method: com.cg.aps.controller.OwnerController.getAlertById() with result = <200 OK OK,SecurityAlert(id=11, alertMessage=Please help there is a problem, alertType=Not Emergency, alertDate=2021-10-21, guard=null, owner=null),[]>
2021-04-12 12:19:09,286 DEBUG com.cg.aps.aspect.LoggerAspectOwner [http-nio-8085-exec-8] Entering method : com.cg.aps.controller.OwnerController.getAllAlerts() with argument[s] = []
2021-04-12 12:19:09,291 DEBUG com.cg.aps.aspect.LoggerAspectOwner [http-nio-8085-exec-8] Exiting method: com.cg.aps.controller.OwnerController.getAllAlerts() with result = <200 OK OK,[SecurityAlert(id=11, alertMessage=Please help there is a problem, alertType=Not Emergency, alertDate=2021-10-21, guard=null, owner=null)],[]>
2021-04-12 12:19:10,533 DEBUG com.cg.aps.aspect.LoggerAspectOwner [http-nio-8085-exec-9] Entering method : com.cg.aps.controller.OwnerController.getAlertById() with argument[s] = [11]
2021-04-12 12:19:10,537 DEBUG com.cg.aps.aspect.LoggerAspectOwner [http-nio-8085-exec-9] Exiting method: com.cg.aps.controller.OwnerController.getAlertById() with result = <200 OK OK,SecurityAlert(id=11, alertMessage=Please help there is a problem, alertType=Not Emergency, alertDate=2021-10-21, guard=null, owner=null),[]>
2021-04-12 12:19:17,937 DEBUG com.cg.aps.aspect.LoggerAspectOwner [http-nio-8085-exec-10] Entering method : com.cg.aps.controller.OwnerController.getAllAlerts() with argument[s] = []
2021-04-12 12:19:17,941 DEBUG com.cg.aps.aspect.LoggerAspectOwner [http-nio-8085-exec-10] Exiting method: com.cg.aps.controller.OwnerController.getAllAlerts() with result = <200 OK OK,[SecurityAlert(id=11, alertMessage=Please help there is a problem, alertType=Not Emergency, alertDate=2021-10-21, guard=null, owner=null)],[]>
2021-04-12 12:22:08,752 INFO org.springframework.orm.jpa.LocalContainerEntityManagerFactoryBean [Thread-6] Closing JPA EntityManagerFactory for persistence unit 'default'
2021-04-12 12:22:08,810 INFO com.zaxxer.hikari.HikariDataSource [Thread-6] HikariPool-1 - Shutdown initiated...
2021-04-12 12:22:08,825 INFO com.zaxxer.hikari.HikariDataSource [Thread-6] HikariPool-1 - Shutdown completed.
2021-04-12 12:22:09,059 INFO com.cg.aps.application.ApartmentSecurityAppApplication [restartedMain] Starting ApartmentSecurityAppApplication using Java 1.8.0_281 on RAMSAI-VAJRAPU with PID 18264 (E:\CG Sprints\main\Apartment-Security-App\target\classes started by Ram Sai Vajrapu in E:\CG Sprints\main\Apartment-Security-App)
2021-04-12 12:22:09,060 DEBUG com.cg.aps.application.ApartmentSecurityAppApplication [restartedMain] Running with Spring Boot v2.4.3, Spring v5.3.4
2021-04-12 12:22:09,060 INFO com.cg.aps.application.ApartmentSecurityAppApplication [restartedMain] No active profile set, falling back to default profiles: default
2021-04-12 12:22:09,970 INFO org.springframework.data.repository.config.RepositoryConfigurationDelegate [restartedMain] Bootstrapping Spring Data JPA repositories in DEFAULT mode.
2021-04-12 12:22:10,027 INFO org.springframework.data.repository.config.RepositoryConfigurationDelegate [restartedMain] Finished Spring Data repository scanning in 56 ms. Found 10 JPA repository interfaces.
2021-04-12 12:22:10,558 INFO org.springframework.boot.web.embedded.tomcat.TomcatWebServer [restartedMain] Tomcat initialized with port(s): 8085 (http)
2021-04-12 12:22:10,559 INFO org.apache.coyote.http11.Http11NioProtocol [restartedMain] Initializing ProtocolHandler ["http-nio-8085"]
2021-04-12 12:22:10,559 INFO org.apache.catalina.core.StandardService [restartedMain] Starting service [Tomcat]
2021-04-12 12:22:10,559 INFO org.apache.catalina.core.StandardEngine [restartedMain] Starting Servlet engine: [Apache Tomcat/9.0.43]
2021-04-12 12:22:10,596 INFO org.apache.catalina.core.ContainerBase.[Tomcat].[localhost].[/springfox] [restartedMain] Initializing Spring embedded WebApplicationContext
2021-04-12 12:22:10,596 INFO org.springframework.boot.web.servlet.context.ServletWebServerApplicationContext [restartedMain] Root WebApplicationContext: initialization completed in 1520 ms
2021-04-12 12:22:10,724 INFO org.hibernate.jpa.internal.util.LogHelper [restartedMain] HHH000204: Processing PersistenceUnitInfo [name: default]
2021-04-12 12:22:10,737 INFO com.zaxxer.hikari.HikariDataSource [restartedMain] HikariPool-2 - Starting...
2021-04-12 12:22:10,964 INFO com.zaxxer.hikari.HikariDataSource [restartedMain] HikariPool-2 - Start completed.
2021-04-12 12:22:10,965 INFO org.hibernate.dialect.Dialect [restartedMain] HHH000400: Using dialect: org.hibernate.dialect.PostgreSQL10Dialect
2021-04-12 12:22:12,678 INFO org.hibernate.engine.transaction.jta.platform.internal.JtaPlatformInitiator [restartedMain] HHH000490: Using JtaPlatform implementation: [org.hibernate.engine.transaction.jta.platform.internal.NoJtaPlatform]
2021-04-12 12:22:12,678 INFO org.springframework.orm.jpa.LocalContainerEntityManagerFactoryBean [restartedMain] Initialized JPA EntityManagerFactory for persistence unit 'default'
2021-04-12 12:22:12,686 INFO org.springframework.boot.devtools.autoconfigure.OptionalLiveReloadServer [restartedMain] LiveReload server is running on port 35729
2021-04-12 12:22:13,256 WARN org.springframework.boot.autoconfigure.orm.jpa.JpaBaseConfiguration$JpaWebConfiguration [restartedMain] spring.jpa.open-in-view is enabled by default. Therefore, database queries may be performed during view rendering. Explicitly configure spring.jpa.open-in-view to disable this warning
2021-04-12 12:22:13,371 INFO org.springframework.boot.actuate.endpoint.web.EndpointLinksResolver [restartedMain] Exposing 2 endpoint(s) beneath base path '/actuator'
2021-04-12 12:22:13,648 INFO org.apache.coyote.http11.Http11NioProtocol [restartedMain] Starting ProtocolHandler ["http-nio-8085"]
2021-04-12 12:22:13,655 INFO org.springframework.boot.web.embedded.tomcat.TomcatWebServer [restartedMain] Tomcat started on port(s): 8085 (http) with context path '/springfox'
2021-04-12 12:22:14,106 INFO com.cg.aps.application.ApartmentSecurityAppApplication [restartedMain] Started ApartmentSecurityAppApplication in 5.144 seconds (JVM running for 4228.72)
2021-04-12 12:22:14,111 INFO org.springframework.boot.devtools.autoconfigure.ConditionEvaluationDeltaLoggingListener [restartedMain] Condition evaluation unchanged
2021-04-12 12:22:49,697 INFO org.springframework.orm.jpa.LocalContainerEntityManagerFactoryBean [Thread-13] Closing JPA EntityManagerFactory for persistence unit 'default'
2021-04-12 12:22:49,698 INFO com.zaxxer.hikari.HikariDataSource [Thread-13] HikariPool-2 - Shutdown initiated...
2021-04-12 12:22:49,707 INFO com.zaxxer.hikari.HikariDataSource [Thread-13] HikariPool-2 - Shutdown completed.
2021-04-12 12:22:49,901 INFO com.cg.aps.application.ApartmentSecurityAppApplication [restartedMain] Starting ApartmentSecurityAppApplication using Java 1.8.0_281 on RAMSAI-VAJRAPU with PID 18264 (E:\CG Sprints\main\Apartment-Security-App\target\classes started by Ram Sai Vajrapu in E:\CG Sprints\main\Apartment-Security-App)
2021-04-12 12:22:49,902 DEBUG com.cg.aps.application.ApartmentSecurityAppApplication [restartedMain] Running with Spring Boot v2.4.3, Spring v5.3.4
2021-04-12 12:22:49,903 INFO com.cg.aps.application.ApartmentSecurityAppApplication [restartedMain] No active profile set, falling back to default profiles: default
2021-04-12 12:22:50,958 INFO org.springframework.data.repository.config.RepositoryConfigurationDelegate [restartedMain] Bootstrapping Spring Data JPA repositories in DEFAULT mode.
2021-04-12 12:22:51,033 INFO org.springframework.data.repository.config.RepositoryConfigurationDelegate [restartedMain] Finished Spring Data repository scanning in 74 ms. Found 10 JPA repository interfaces.
2021-04-12 12:22:51,489 INFO org.springframework.boot.web.embedded.tomcat.TomcatWebServer [restartedMain] Tomcat initialized with port(s): 8085 (http)
2021-04-12 12:22:51,490 INFO org.apache.coyote.http11.Http11NioProtocol [restartedMain] Initializing ProtocolHandler ["http-nio-8085"]
2021-04-12 12:22:51,491 INFO org.apache.catalina.core.StandardService [restartedMain] Starting service [Tomcat]
2021-04-12 12:22:51,491 INFO org.apache.catalina.core.StandardEngine [restartedMain] Starting Servlet engine: [Apache Tomcat/9.0.43]
2021-04-12 12:22:51,538 INFO org.apache.catalina.core.ContainerBase.[Tomcat].[localhost].[/springfox] [restartedMain] Initializing Spring embedded WebApplicationContext
2021-04-12 12:22:51,538 INFO org.springframework.boot.web.servlet.context.ServletWebServerApplicationContext [restartedMain] Root WebApplicationContext: initialization completed in 1629 ms
2021-04-12 12:22:51,621 INFO org.hibernate.jpa.internal.util.LogHelper [restartedMain] HHH000204: Processing PersistenceUnitInfo [name: default]
2021-04-12 12:22:51,625 INFO com.zaxxer.hikari.HikariDataSource [restartedMain] HikariPool-3 - Starting...
2021-04-12 12:22:51,697 INFO com.zaxxer.hikari.HikariDataSource [restartedMain] HikariPool-3 - Start completed.
2021-04-12 12:22:51,697 INFO org.hibernate.dialect.Dialect [restartedMain] HHH000400: Using dialect: org.hibernate.dialect.PostgreSQL10Dialect
2021-04-12 12:22:53,165 INFO org.hibernate.engine.transaction.jta.platform.internal.JtaPlatformInitiator [restartedMain] HHH000490: Using JtaPlatform implementation: [org.hibernate.engine.transaction.jta.platform.internal.NoJtaPlatform]
2021-04-12 12:22:53,165 INFO org.springframework.orm.jpa.LocalContainerEntityManagerFactoryBean [restartedMain] Initialized JPA EntityManagerFactory for persistence unit 'default'
2021-04-12 12:22:53,171 INFO org.springframework.boot.devtools.autoconfigure.OptionalLiveReloadServer [restartedMain] LiveReload server is running on port 35729
2021-04-12 12:22:53,752 WARN org.springframework.boot.autoconfigure.orm.jpa.JpaBaseConfiguration$JpaWebConfiguration [restartedMain] spring.jpa.open-in-view is enabled by default. Therefore, database queries may be performed during view rendering. Explicitly configure spring.jpa.open-in-view to disable this warning
2021-04-12 12:22:53,859 INFO org.springframework.boot.actuate.endpoint.web.EndpointLinksResolver [restartedMain] Exposing 2 endpoint(s) beneath base path '/actuator'
2021-04-12 12:22:54,057 INFO org.apache.coyote.http11.Http11NioProtocol [restartedMain] Starting ProtocolHandler ["http-nio-8085"]
2021-04-12 12:22:54,063 INFO org.springframework.boot.web.embedded.tomcat.TomcatWebServer [restartedMain] Tomcat started on port(s): 8085 (http) with context path '/springfox'
2021-04-12 12:22:54,491 INFO com.cg.aps.application.ApartmentSecurityAppApplication [restartedMain] Started ApartmentSecurityAppApplication in 4.655 seconds (JVM running for 4269.104)
2021-04-12 12:22:54,494 INFO org.springframework.boot.devtools.autoconfigure.ConditionEvaluationDeltaLoggingListener [restartedMain] Condition evaluation unchanged
2021-04-12 12:23:49,960 INFO org.springframework.orm.jpa.LocalContainerEntityManagerFactoryBean [Thread-19] Closing JPA EntityManagerFactory for persistence unit 'default'
2021-04-12 12:23:49,962 INFO com.zaxxer.hikari.HikariDataSource [Thread-19] HikariPool-3 - Shutdown initiated...
2021-04-12 12:23:49,970 INFO com.zaxxer.hikari.HikariDataSource [Thread-19] HikariPool-3 - Shutdown completed.
2021-04-12 12:23:50,124 INFO com.cg.aps.application.ApartmentSecurityAppApplication [restartedMain] Starting ApartmentSecurityAppApplication using Java 1.8.0_281 on RAMSAI-VAJRAPU with PID 18264 (E:\CG Sprints\main\Apartment-Security-App\target\classes started by Ram Sai Vajrapu in E:\CG Sprints\main\Apartment-Security-App)
2021-04-12 12:23:50,124 DEBUG com.cg.aps.application.ApartmentSecurityAppApplication [restartedMain] Running with Spring Boot v2.4.3, Spring v5.3.4
2021-04-12 12:23:50,125 INFO com.cg.aps.application.ApartmentSecurityAppApplication [restartedMain] No active profile set, falling back to default profiles: default
2021-04-12 12:23:50,900 INFO org.springframework.data.repository.config.RepositoryConfigurationDelegate [restartedMain] Bootstrapping Spring Data JPA repositories in DEFAULT mode.
2021-04-12 12:23:50,966 INFO org.springframework.data.repository.config.RepositoryConfigurationDelegate [restartedMain] Finished Spring Data repository scanning in 65 ms. Found 10 JPA repository interfaces.
2021-04-12 12:23:51,354 INFO org.springframework.boot.web.embedded.tomcat.TomcatWebServer [restartedMain] Tomcat initialized with port(s): 8085 (http)
2021-04-12 12:23:51,355 INFO org.apache.coyote.http11.Http11NioProtocol [restartedMain] Initializing ProtocolHandler ["http-nio-8085"]
2021-04-12 12:23:51,356 INFO org.apache.catalina.core.StandardService [restartedMain] Starting service [Tomcat]
2021-04-12 12:23:51,356 INFO org.apache.catalina.core.StandardEngine [restartedMain] Starting Servlet engine: [Apache Tomcat/9.0.43]
2021-04-12 12:23:51,415 INFO org.apache.catalina.core.ContainerBase.[Tomcat].[localhost].[/springfox] [restartedMain] Initializing Spring embedded WebApplicationContext
2021-04-12 12:23:51,416 INFO org.springframework.boot.web.servlet.context.ServletWebServerApplicationContext [restartedMain] Root WebApplicationContext: initialization completed in 1287 ms
2021-04-12 12:23:51,537 INFO org.hibernate.jpa.internal.util.LogHelper [restartedMain] HHH000204: Processing PersistenceUnitInfo [name: default]
2021-04-12 12:23:51,542 INFO com.zaxxer.hikari.HikariDataSource [restartedMain] HikariPool-4 - Starting...
2021-04-12 12:23:51,606 INFO com.zaxxer.hikari.HikariDataSource [restartedMain] HikariPool-4 - Start completed.
2021-04-12 12:23:51,606 INFO org.hibernate.dialect.Dialect [restartedMain] HHH000400: Using dialect: org.hibernate.dialect.PostgreSQL10Dialect
2021-04-12 12:23:53,071 INFO org.hibernate.engine.transaction.jta.platform.internal.JtaPlatformInitiator [restartedMain] HHH000490: Using JtaPlatform implementation: [org.hibernate.engine.transaction.jta.platform.internal.NoJtaPlatform]
2021-04-12 12:23:53,072 INFO org.springframework.orm.jpa.LocalContainerEntityManagerFactoryBean [restartedMain] Initialized JPA EntityManagerFactory for persistence unit 'default'
2021-04-12 12:23:53,079 INFO org.springframework.boot.devtools.autoconfigure.OptionalLiveReloadServer [restartedMain] LiveReload server is running on port 35729
2021-04-12 12:23:53,709 WARN org.springframework.boot.autoconfigure.orm.jpa.JpaBaseConfiguration$JpaWebConfiguration [restartedMain] spring.jpa.open-in-view is enabled by default. Therefore, database queries may be performed during view rendering. Explicitly configure spring.jpa.open-in-view to disable this warning
2021-04-12 12:23:53,790 INFO org.springframework.boot.actuate.endpoint.web.EndpointLinksResolver [restartedMain] Exposing 2 endpoint(s) beneath base path '/actuator'
2021-04-12 12:23:54,007 INFO org.apache.coyote.http11.Http11NioProtocol [restartedMain] Starting ProtocolHandler ["http-nio-8085"]
2021-04-12 12:23:54,015 INFO org.springframework.boot.web.embedded.tomcat.TomcatWebServer [restartedMain] Tomcat started on port(s): 8085 (http) with context path '/springfox'
2021-04-12 12:23:54,440 INFO com.cg.aps.application.ApartmentSecurityAppApplication [restartedMain] Started ApartmentSecurityAppApplication in 4.364 seconds (JVM running for 4329.053)
2021-04-12 12:23:54,443 INFO org.springframework.boot.devtools.autoconfigure.ConditionEvaluationDeltaLoggingListener [restartedMain] Condition evaluation unchanged
2021-04-12 12:24:07,331 INFO org.apache.catalina.core.ContainerBase.[Tomcat].[localhost].[/springfox] [http-nio-8085-exec-1] Initializing Spring DispatcherServlet 'dispatcherServlet'
2021-04-12 12:24:07,333 INFO org.springframework.web.servlet.DispatcherServlet [http-nio-8085-exec-1] Initializing Servlet 'dispatcherServlet'
2021-04-12 12:24:07,337 INFO org.springframework.web.servlet.DispatcherServlet [http-nio-8085-exec-1] Completed initialization in 4 ms
2021-04-12 12:24:07,356 DEBUG com.cg.aps.aspect.LoggerAspectOwner [http-nio-8085-exec-1] Entering method : com.cg.aps.controller.OwnerController.getAllAlerts() with argument[s] = []
2021-04-12 12:24:07,398 DEBUG com.cg.aps.aspect.LoggerAspectOwner [http-nio-8085-exec-1] Exiting method: com.cg.aps.controller.OwnerController.getAllAlerts() with result = <200 OK OK,[SecurityAlert(id=11, alertMessage=Please help there is a problem, alertType=Not Emergency, alertDate=2021-10-21, guard=null, owner=null)],[]>
2021-04-12 12:24:09,233 DEBUG com.cg.aps.aspect.LoggerAspectOwner [http-nio-8085-exec-2] Entering method : com.cg.aps.controller.OwnerController.getAllAlerts() with argument[s] = []
2021-04-12 12:24:09,236 DEBUG com.cg.aps.aspect.LoggerAspectOwner [http-nio-8085-exec-2] Exiting method: com.cg.aps.controller.OwnerController.getAllAlerts() with result = <200 OK OK,[SecurityAlert(id=11, alertMessage=Please help there is a problem, alertType=Not Emergency, alertDate=2021-10-21, guard=null, owner=null)],[]>
2021-04-12 12:25:33,864 DEBUG com.cg.aps.aspect.LoggerAspectOwner [http-nio-8085-exec-2] Entering method : com.cg.aps.controller.OwnerController.getAllAlerts() with argument[s] = []
2021-04-12 12:25:33,871 DEBUG com.cg.aps.aspect.LoggerAspectOwner [http-nio-8085-exec-2] Exiting method: com.cg.aps.controller.OwnerController.getAllAlerts() with result = <200 OK OK,[SecurityAlert(id=11, alertMessage=Please help there is a problem, alertType=Not Emergency, alertDate=2021-10-21, guard=null, owner=null)],[]>
2021-04-12 12:25:38,867 DEBUG com.cg.aps.aspect.LoggerAspectOwner [http-nio-8085-exec-3] Entering method : com.cg.aps.controller.OwnerController.getAlertById() with argument[s] = [11]
2021-04-12 12:25:38,873 DEBUG com.cg.aps.aspect.LoggerAspectOwner [http-nio-8085-exec-3] Exiting method: com.cg.aps.controller.OwnerController.getAlertById() with result = <200 OK OK,SecurityAlert(id=11, alertMessage=Please help there is a problem, alertType=Not Emergency, alertDate=2021-10-21, guard=null, owner=null),[]>
2021-04-12 12:33:18,556 DEBUG com.cg.aps.aspect.LoggerAspectOwner [http-nio-8085-exec-8] Entering method : com.cg.aps.controller.OwnerController.getAlertById() with argument[s] = [11]
2021-04-12 12:33:18,559 DEBUG com.cg.aps.aspect.LoggerAspectOwner [http-nio-8085-exec-8] Exiting method: com.cg.aps.controller.OwnerController.getAlertById() with result = <200 OK OK,SecurityAlert(id=11, alertMessage=Please help there is a problem, alertType=Not Emergency, alertDate=2021-10-21, guard=null, owner=null),[]>
2021-04-12 12:33:39,615 DEBUG com.cg.aps.aspect.LoggerAspectOwner [http-nio-8085-exec-10] Entering method : com.cg.aps.controller.OwnerController.getAllAlerts() with argument[s] = []
2021-04-12 12:33:39,618 DEBUG com.cg.aps.aspect.LoggerAspectOwner [http-nio-8085-exec-10] Exiting method: com.cg.aps.controller.OwnerController.getAllAlerts() with result = <200 OK OK,[SecurityAlert(id=11, alertMessage=Please help there is a problem, alertType=Not Emergency, alertDate=2021-10-21, guard=null, owner=null)],[]>
2021-04-12 12:34:16,562 DEBUG com.cg.aps.aspect.LoggerAspectOwner [http-nio-8085-exec-2] Entering method : com.cg.aps.controller.OwnerController.getAllAlerts() with argument[s] = []
2021-04-12 12:34:16,564 DEBUG com.cg.aps.aspect.LoggerAspectOwner [http-nio-8085-exec-2] Exiting method: com.cg.aps.controller.OwnerController.getAllAlerts() with result = <200 OK OK,[SecurityAlert(id=11, alertMessage=Please help there is a problem, alertType=Not Emergency, alertDate=2021-10-21, guard=null, owner=null)],[]>
2021-04-12 12:34:49,846 DEBUG com.cg.aps.aspect.LoggerAspectOwner [http-nio-8085-exec-6] Entering method : com.cg.aps.controller.OwnerController.addAlert() with argument[s] = [SecurityAlert(id=null, alertMessage=Please help there is fire problem, alertType=Fire, alertDate=2021-12-01, guard=null, owner=null)]
2021-04-12 12:34:49,907 DEBUG com.cg.aps.aspect.LoggerAspectOwner [http-nio-8085-exec-6] Exiting method: com.cg.aps.controller.OwnerController.addAlert() with result = <200 OK OK,12,[]>
2021-04-12 12:34:49,945 DEBUG com.cg.aps.aspect.LoggerAspectOwner [http-nio-8085-exec-5] Entering method : com.cg.aps.controller.OwnerController.getAllAlerts() with argument[s] = []
2021-04-12 12:34:49,953 DEBUG com.cg.aps.aspect.LoggerAspectOwner [http-nio-8085-exec-5] Exiting method: com.cg.aps.controller.OwnerController.getAllAlerts() with result = <200 OK OK,[SecurityAlert(id=11, alertMessage=Please help there is a problem, alertType=Not Emergency, alertDate=2021-10-21, guard=null, owner=null), SecurityAlert(id=12, alertMessage=Please help there is fire problem, alertType=Fire, alertDate=2021-12-01, guard=null, owner=null)],[]>
2021-04-12 12:37:25,954 INFO org.springframework.orm.jpa.LocalContainerEntityManagerFactoryBean [Thread-25] Closing JPA EntityManagerFactory for persistence unit 'default'
2021-04-12 12:37:25,955 INFO com.zaxxer.hikari.HikariDataSource [Thread-25] HikariPool-4 - Shutdown initiated...
2021-04-12 12:37:25,960 INFO com.zaxxer.hikari.HikariDataSource [Thread-25] HikariPool-4 - Shutdown completed.
2021-04-12 12:37:26,100 INFO com.cg.aps.application.ApartmentSecurityAppApplication [restartedMain] Starting ApartmentSecurityAppApplication using Java 1.8.0_281 on RAMSAI-VAJRAPU with PID 18264 (E:\CG Sprints\main\Apartment-Security-App\target\classes started by Ram Sai Vajrapu in E:\CG Sprints\main\Apartment-Security-App)
2021-04-12 12:37:26,100 DEBUG com.cg.aps.application.ApartmentSecurityAppApplication [restartedMain] Running with Spring Boot v2.4.3, Spring v5.3.4
2021-04-12 12:37:26,100 INFO com.cg.aps.application.ApartmentSecurityAppApplication [restartedMain] No active profile set, falling back to default profiles: default
2021-04-12 12:37:26,558 INFO org.springframework.data.repository.config.RepositoryConfigurationDelegate [restartedMain] Bootstrapping Spring Data JPA repositories in DEFAULT mode.
2021-04-12 12:37:26,597 INFO org.springframework.data.repository.config.RepositoryConfigurationDelegate [restartedMain] Finished Spring Data repository scanning in 39 ms. Found 10 JPA repository interfaces.
2021-04-12 12:37:26,913 INFO org.springframework.boot.web.embedded.tomcat.TomcatWebServer [restartedMain] Tomcat initialized with port(s): 8085 (http)
2021-04-12 12:37:26,913 INFO org.apache.coyote.http11.Http11NioProtocol [restartedMain] Initializing ProtocolHandler ["http-nio-8085"]
2021-04-12 12:37:26,914 INFO org.apache.catalina.core.StandardService [restartedMain] Starting service [Tomcat]
2021-04-12 12:37:26,914 INFO org.apache.catalina.core.StandardEngine [restartedMain] Starting Servlet engine: [Apache Tomcat/9.0.43]
2021-04-12 12:37:27,000 INFO org.apache.catalina.core.ContainerBase.[Tomcat].[localhost].[/springfox] [restartedMain] Initializing Spring embedded WebApplicationContext
2021-04-12 12:37:27,000 INFO org.springframework.boot.web.servlet.context.ServletWebServerApplicationContext [restartedMain] Root WebApplicationContext: initialization completed in 897 ms
2021-04-12 12:37:27,074 INFO org.hibernate.jpa.internal.util.LogHelper [restartedMain] HHH000204: Processing PersistenceUnitInfo [name: default]
2021-04-12 12:37:27,078 INFO com.zaxxer.hikari.HikariDataSource [restartedMain] HikariPool-5 - Starting...
2021-04-12 12:37:27,140 INFO com.zaxxer.hikari.HikariDataSource [restartedMain] HikariPool-5 - Start completed.
2021-04-12 12:37:27,140 INFO org.hibernate.dialect.Dialect [restartedMain] HHH000400: Using dialect: org.hibernate.dialect.PostgreSQL10Dialect
2021-04-12 12:37:28,271 INFO org.hibernate.engine.transaction.jta.platform.internal.JtaPlatformInitiator [restartedMain] HHH000490: Using JtaPlatform implementation: [org.hibernate.engine.transaction.jta.platform.internal.NoJtaPlatform]
2021-04-12 12:37:28,271 INFO org.springframework.orm.jpa.LocalContainerEntityManagerFactoryBean [restartedMain] Initialized JPA EntityManagerFactory for persistence unit 'default'
2021-04-12 12:37:28,277 INFO org.springframework.boot.devtools.autoconfigure.OptionalLiveReloadServer [restartedMain] LiveReload server is running on port 35729
2021-04-12 12:37:28,660 WARN org.springframework.boot.autoconfigure.orm.jpa.JpaBaseConfiguration$JpaWebConfiguration [restartedMain] spring.jpa.open-in-view is enabled by default. Therefore, database queries may be performed during view rendering. Explicitly configure spring.jpa.open-in-view to disable this warning
2021-04-12 12:37:28,755 INFO org.springframework.boot.actuate.endpoint.web.EndpointLinksResolver [restartedMain] Exposing 2 endpoint(s) beneath base path '/actuator'
2021-04-12 12:37:28,921 INFO org.apache.coyote.http11.Http11NioProtocol [restartedMain] Starting ProtocolHandler ["http-nio-8085"]
2021-04-12 12:37:28,925 INFO org.springframework.boot.web.embedded.tomcat.TomcatWebServer [restartedMain] Tomcat started on port(s): 8085 (http) with context path '/springfox'
2021-04-12 12:37:29,167 INFO com.cg.aps.application.ApartmentSecurityAppApplication [restartedMain] Started ApartmentSecurityAppApplication in 3.095 seconds (JVM running for 5143.78)
2021-04-12 12:37:29,169 INFO org.springframework.boot.devtools.autoconfigure.ConditionEvaluationDeltaLoggingListener [restartedMain] Condition evaluation unchanged
2021-04-12 12:38:00,850 INFO org.apache.catalina.core.ContainerBase.[Tomcat].[localhost].[/springfox] [http-nio-8085-exec-1] Initializing Spring DispatcherServlet 'dispatcherServlet'
2021-04-12 12:38:00,851 INFO org.springframework.web.servlet.DispatcherServlet [http-nio-8085-exec-1] Initializing Servlet 'dispatcherServlet'
2021-04-12 12:38:00,852 INFO org.springframework.web.servlet.DispatcherServlet [http-nio-8085-exec-1] Completed initialization in 1 ms
2021-04-12 12:38:00,868 DEBUG com.cg.aps.aspect.LoggerAspectOwner [http-nio-8085-exec-2] Entering method : com.cg.aps.controller.OwnerController.deleteAlert() with argument[s] = [11]
2021-04-12 12:38:00,940 DEBUG com.cg.aps.aspect.LoggerAspectOwner [http-nio-8085-exec-2] Exiting method: com.cg.aps.controller.OwnerController.deleteAlert() with result = <200 OK OK,Deleted successfully,[]>
2021-04-12 12:38:04,757 DEBUG com.cg.aps.aspect.LoggerAspectOwner [http-nio-8085-exec-3] Entering method : com.cg.aps.controller.OwnerController.getAlertById() with argument[s] = [12]
2021-04-12 12:38:04,761 DEBUG com.cg.aps.aspect.LoggerAspectOwner [http-nio-8085-exec-3] Exiting method: com.cg.aps.controller.OwnerController.getAlertById() with result = <200 OK OK,SecurityAlert(id=12, alertMessage=Please help there is fire problem, alertType=Fire, alertDate=2021-12-01, guard=null, owner=null),[]>
2021-04-12 12:38:21,016 DEBUG com.cg.aps.aspect.LoggerAspectOwner [http-nio-8085-exec-5] Entering method : com.cg.aps.controller.OwnerController.updateEmployee() with argument[s] = [12, SecurityAlert(id=12, alertMessage=Please help there is fire problem, alertType=No Fire Just Kidding, alertDate=2021-12-01, guard=null, owner=null)]
2021-04-12 12:38:21,029 DEBUG com.cg.aps.aspect.LoggerAspectOwner [http-nio-8085-exec-5] Exiting method: com.cg.aps.controller.OwnerController.updateEmployee() with result = <200 OK OK,updated successfully,[]>
2021-04-12 12:38:21,062 DEBUG com.cg.aps.aspect.LoggerAspectOwner [http-nio-8085-exec-6] Entering method : com.cg.aps.controller.OwnerController.getAllAlerts() with argument[s] = []
2021-04-12 12:38:21,067 DEBUG com.cg.aps.aspect.LoggerAspectOwner [http-nio-8085-exec-6] Exiting method: com.cg.aps.controller.OwnerController.getAllAlerts() with result = <200 OK OK,[SecurityAlert(id=12, alertMessage=Please help there is fire problem, alertType=No Fire Just Kidding, alertDate=2021-12-01, guard=null, owner=null)],[]>
2021-04-12 12:39:53,453 INFO org.springframework.orm.jpa.LocalContainerEntityManagerFactoryBean [Thread-31] Closing JPA EntityManagerFactory for persistence unit 'default'
2021-04-12 12:39:53,454 INFO com.zaxxer.hikari.HikariDataSource [Thread-31] HikariPool-5 - Shutdown initiated...
2021-04-12 12:39:53,460 INFO com.zaxxer.hikari.HikariDataSource [Thread-31] HikariPool-5 - Shutdown completed.
2021-04-12 12:39:53,601 INFO com.cg.aps.application.ApartmentSecurityAppApplication [restartedMain] Starting ApartmentSecurityAppApplication using Java 1.8.0_281 on RAMSAI-VAJRAPU with PID 18264 (E:\CG Sprints\main\Apartment-Security-App\target\classes started by Ram Sai Vajrapu in E:\CG Sprints\main\Apartment-Security-App)
2021-04-12 12:39:53,601 DEBUG com.cg.aps.application.ApartmentSecurityAppApplication [restartedMain] Running with Spring Boot v2.4.3, Spring v5.3.4
2021-04-12 12:39:53,601 INFO com.cg.aps.application.ApartmentSecurityAppApplication [restartedMain] No active profile set, falling back to default profiles: default
2021-04-12 12:39:54,246 INFO org.springframework.data.repository.config.RepositoryConfigurationDelegate [restartedMain] Bootstrapping Spring Data JPA repositories in DEFAULT mode.
2021-04-12 12:39:54,293 INFO org.springframework.data.repository.config.RepositoryConfigurationDelegate [restartedMain] Finished Spring Data repository scanning in 46 ms. Found 10 JPA repository interfaces.
2021-04-12 12:39:54,647 INFO org.springframework.boot.web.embedded.tomcat.TomcatWebServer [restartedMain] Tomcat initialized with port(s): 8085 (http)
2021-04-12 12:39:54,647 INFO org.apache.coyote.http11.Http11NioProtocol [restartedMain] Initializing ProtocolHandler ["http-nio-8085"]
2021-04-12 12:39:54,647 INFO org.apache.catalina.core.StandardService [restartedMain] Starting service [Tomcat]
2021-04-12 12:39:54,647 INFO org.apache.catalina.core.StandardEngine [restartedMain] Starting Servlet engine: [Apache Tomcat/9.0.43]
2021-04-12 12:39:54,690 INFO org.apache.catalina.core.ContainerBase.[Tomcat].[localhost].[/springfox] [restartedMain] Initializing Spring embedded WebApplicationContext
2021-04-12 12:39:54,690 INFO org.springframework.boot.web.servlet.context.ServletWebServerApplicationContext [restartedMain] Root WebApplicationContext: initialization completed in 1084 ms
2021-04-12 12:39:54,841 INFO org.hibernate.jpa.internal.util.LogHelper [restartedMain] HHH000204: Processing PersistenceUnitInfo [name: default]
2021-04-12 12:39:54,847 INFO com.zaxxer.hikari.HikariDataSource [restartedMain] HikariPool-6 - Starting...
2021-04-12 12:39:54,913 INFO com.zaxxer.hikari.HikariDataSource [restartedMain] HikariPool-6 - Start completed.
2021-04-12 12:39:54,913 INFO org.hibernate.dialect.Dialect [restartedMain] HHH000400: Using dialect: org.hibernate.dialect.PostgreSQL10Dialect
2021-04-12 12:39:56,321 INFO org.hibernate.engine.transaction.jta.platform.internal.JtaPlatformInitiator [restartedMain] HHH000490: Using JtaPlatform implementation: [org.hibernate.engine.transaction.jta.platform.internal.NoJtaPlatform]
2021-04-12 12:39:56,321 INFO org.springframework.orm.jpa.LocalContainerEntityManagerFactoryBean [restartedMain] Initialized JPA EntityManagerFactory for persistence unit 'default'
2021-04-12 12:39:56,328 INFO org.springframework.boot.devtools.autoconfigure.OptionalLiveReloadServer [restartedMain] LiveReload server is running on port 35729
2021-04-12 12:39:56,768 WARN org.springframework.boot.autoconfigure.orm.jpa.JpaBaseConfiguration$JpaWebConfiguration [restartedMain] spring.jpa.open-in-view is enabled by default. Therefore, database queries may be performed during view rendering. Explicitly configure spring.jpa.open-in-view to disable this warning
2021-04-12 12:39:56,872 INFO org.springframework.boot.actuate.endpoint.web.EndpointLinksResolver [restartedMain] Exposing 2 endpoint(s) beneath base path '/actuator'
2021-04-12 12:39:57,051 INFO org.apache.coyote.http11.Http11NioProtocol [restartedMain] Starting ProtocolHandler ["http-nio-8085"]
2021-04-12 12:39:57,055 INFO org.springframework.boot.web.embedded.tomcat.TomcatWebServer [restartedMain] Tomcat started on port(s): 8085 (http) with context path '/springfox'
2021-04-12 12:39:57,385 INFO com.cg.aps.application.ApartmentSecurityAppApplication [restartedMain] Started ApartmentSecurityAppApplication in 3.825 seconds (JVM running for 5291.998)
2021-04-12 12:39:57,388 INFO org.springframework.boot.devtools.autoconfigure.ConditionEvaluationDeltaLoggingListener [restartedMain] Condition evaluation unchanged
2021-04-12 12:40:40,574 INFO org.apache.catalina.core.ContainerBase.[Tomcat].[localhost].[/springfox] [http-nio-8085-exec-1] Initializing Spring DispatcherServlet 'dispatcherServlet'
2021-04-12 12:40:40,575 INFO org.springframework.web.servlet.DispatcherServlet [http-nio-8085-exec-1] Initializing Servlet 'dispatcherServlet'
2021-04-12 12:40:40,577 INFO org.springframework.web.servlet.DispatcherServlet [http-nio-8085-exec-1] Completed initialization in 2 ms
2021-04-12 12:40:40,581 DEBUG com.cg.aps.aspect.LoggerAspectOwner [http-nio-8085-exec-1] Entering method : com.cg.aps.controller.OwnerController.getAllAlerts() with argument[s] = []
2021-04-12 12:40:40,601 DEBUG com.cg.aps.aspect.LoggerAspectOwner [http-nio-8085-exec-1] Exiting method: com.cg.aps.controller.OwnerController.getAllAlerts() with result = <200 OK OK,[SecurityAlert(id=12, alertMessage=Please help there is fire problem, alertType=No Fire Just Kidding, alertDate=2021-12-01, guard=null, owner=null)],[]>
2021-04-12 12:41:24,590 DEBUG com.cg.aps.aspect.LoggerAspectOwner [http-nio-8085-exec-2] Entering method : com.cg.aps.controller.OwnerController.getAllAlerts() with argument[s] = []
2021-04-12 12:41:24,595 DEBUG com.cg.aps.aspect.LoggerAspectOwner [http-nio-8085-exec-2] Exiting method: com.cg.aps.controller.OwnerController.getAllAlerts() with result = <200 OK OK,[SecurityAlert(id=12, alertMessage=Please help there is fire problem, alertType=No Fire Just Kidding, alertDate=2021-12-01, guard=null, owner=null)],[]>
2021-04-12 12:41:29,405 DEBUG com.cg.aps.aspect.LoggerAspectOwner [http-nio-8085-exec-3] Entering method : com.cg.aps.controller.OwnerController.getAllAlerts() with argument[s] = []
2021-04-12 12:41:29,407 DEBUG com.cg.aps.aspect.LoggerAspectOwner [http-nio-8085-exec-3] Exiting method: com.cg.aps.controller.OwnerController.getAllAlerts() with result = <200 OK OK,[SecurityAlert(id=12, alertMessage=Please help there is fire problem, alertType=No Fire Just Kidding, alertDate=2021-12-01, guard=null, owner=null)],[]>
2021-04-12 12:41:53,050 DEBUG com.cg.aps.aspect.LoggerAspectOwner [http-nio-8085-exec-4] Entering method : com.cg.aps.controller.OwnerController.addAlert() with argument[s] = [SecurityAlert(id=null, alertMessage=Please help there is a problem, alertType=LOL!, alertDate=2021-08-30, guard=null, owner=null)]
2021-04-12 12:41:53,059 DEBUG com.cg.aps.aspect.LoggerAspectOwner [http-nio-8085-exec-4] Exiting method: com.cg.aps.controller.OwnerController.addAlert() with result = <200 OK OK,13,[]>
2021-04-12 12:41:53,079 DEBUG com.cg.aps.aspect.LoggerAspectOwner [http-nio-8085-exec-5] Entering method : com.cg.aps.controller.OwnerController.getAllAlerts() with argument[s] = []
2021-04-12 12:41:53,083 DEBUG com.cg.aps.aspect.LoggerAspectOwner [http-nio-8085-exec-5] Exiting method: com.cg.aps.controller.OwnerController.getAllAlerts() with result = <200 OK OK,[SecurityAlert(id=12, alertMessage=Please help there is fire problem, alertType=No Fire Just Kidding, alertDate=2021-12-01, guard=null, owner=null), SecurityAlert(id=13, alertMessage=Please help there is a problem, alertType=LOL!, alertDate=2021-08-30, guard=null, owner=null)],[]>
2021-04-12 12:41:55,514 DEBUG com.cg.aps.aspect.LoggerAspectOwner [http-nio-8085-exec-6] Entering method : com.cg.aps.controller.OwnerController.getAlertById() with argument[s] = [13]
2021-04-12 12:41:55,519 DEBUG com.cg.aps.aspect.LoggerAspectOwner [http-nio-8085-exec-6] Exiting method: com.cg.aps.controller.OwnerController.getAlertById() with result = <200 OK OK,SecurityAlert(id=13, alertMessage=Please help there is a problem, alertType=LOL!, alertDate=2021-08-30, guard=null, owner=null),[]>
2021-04-12 12:42:01,002 DEBUG com.cg.aps.aspect.LoggerAspectOwner [http-nio-8085-exec-8] Entering method : com.cg.aps.controller.OwnerController.updateEmployee() with argument[s] = [SecurityAlert(id=13, alertMessage=Please help there is a problem, alertType=LOL jsdgfsjgvf, alertDate=2021-08-30, guard=null, owner=null)]
2021-04-12 12:42:01,012 DEBUG com.cg.aps.aspect.LoggerAspectOwner [http-nio-8085-exec-8] Exiting method: com.cg.aps.controller.OwnerController.updateEmployee() with result = <200 OK OK,updated successfully,[]>
2021-04-12 12:42:01,040 DEBUG com.cg.aps.aspect.LoggerAspectOwner [http-nio-8085-exec-9] Entering method : com.cg.aps.controller.OwnerController.getAllAlerts() with argument[s] = []
2021-04-12 12:42:01,043 DEBUG com.cg.aps.aspect.LoggerAspectOwner [http-nio-8085-exec-9] Exiting method: com.cg.aps.controller.OwnerController.getAllAlerts() with result = <200 OK OK,[SecurityAlert(id=12, alertMessage=Please help there is fire problem, alertType=No Fire Just Kidding, alertDate=2021-12-01, guard=null, owner=null), SecurityAlert(id=13, alertMessage=Please help there is a problem, alertType=LOL jsdgfsjgvf, alertDate=2021-08-30, guard=null, owner=null)],[]>
2021-04-12 12:42:39,731 DEBUG com.cg.aps.aspect.LoggerAspectOwner [http-nio-8085-exec-4] Entering method : com.cg.aps.controller.OwnerController.getAllAlerts() with argument[s] = []
2021-04-12 12:42:39,734 DEBUG com.cg.aps.aspect.LoggerAspectOwner [http-nio-8085-exec-4] Exiting method: com.cg.aps.controller.OwnerController.getAllAlerts() with result = <200 OK OK,[SecurityAlert(id=12, alertMessage=Please help there is fire problem, alertType=No Fire Just Kidding, alertDate=2021-12-01, guard=null, owner=null), SecurityAlert(id=13, alertMessage=Please help there is a problem, alertType=LOL jsdgfsjgvf, alertDate=2021-08-30, guard=null, owner=null)],[]>
2021-04-12 12:42:58,092 DEBUG com.cg.aps.aspect.LoggerAspectOwner [http-nio-8085-exec-5] Entering method : com.cg.aps.controller.OwnerController.getAllAlerts() with argument[s] = []
2021-04-12 12:42:58,096 DEBUG com.cg.aps.aspect.LoggerAspectOwner [http-nio-8085-exec-5] Exiting method: com.cg.aps.controller.OwnerController.getAllAlerts() with result = <200 OK OK,[SecurityAlert(id=12, alertMessage=Please help there is fire problem, alertType=No Fire Just Kidding, alertDate=2021-12-01, guard=null, owner=null), SecurityAlert(id=13, alertMessage=Please help there is a problem, alertType=LOL jsdgfsjgvf, alertDate=2021-08-30, guard=null, owner=null)],[]>
2021-04-12 12:43:52,410 INFO org.springframework.orm.jpa.LocalContainerEntityManagerFactoryBean [Thread-37] Closing JPA EntityManagerFactory for persistence unit 'default'
2021-04-12 12:43:52,411 INFO com.zaxxer.hikari.HikariDataSource [Thread-37] HikariPool-6 - Shutdown initiated...
2021-04-12 12:43:52,419 INFO com.zaxxer.hikari.HikariDataSource [Thread-37] HikariPool-6 - Shutdown completed.
2021-04-12 12:43:52,583 INFO com.cg.aps.application.ApartmentSecurityAppApplication [restartedMain] Starting ApartmentSecurityAppApplication using Java 1.8.0_281 on RAMSAI-VAJRAPU with PID 18264 (E:\CG Sprints\main\Apartment-Security-App\target\classes started by Ram Sai Vajrapu in E:\CG Sprints\main\Apartment-Security-App)
2021-04-12 12:43:52,584 DEBUG com.cg.aps.application.ApartmentSecurityAppApplication [restartedMain] Running with Spring Boot v2.4.3, Spring v5.3.4
2021-04-12 12:43:52,584 INFO com.cg.aps.application.ApartmentSecurityAppApplication [restartedMain] No active profile set, falling back to default profiles: default
2021-04-12 12:43:53,180 INFO org.springframework.data.repository.config.RepositoryConfigurationDelegate [restartedMain] Bootstrapping Spring Data JPA repositories in DEFAULT mode.
2021-04-12 12:43:53,215 INFO org.springframework.data.repository.config.RepositoryConfigurationDelegate [restartedMain] Finished Spring Data repository scanning in 35 ms. Found 10 JPA repository interfaces.
2021-04-12 12:43:53,502 INFO org.springframework.boot.web.embedded.tomcat.TomcatWebServer [restartedMain] Tomcat initialized with port(s): 8085 (http)
2021-04-12 12:43:53,503 INFO org.apache.coyote.http11.Http11NioProtocol [restartedMain] Initializing ProtocolHandler ["http-nio-8085"]
2021-04-12 12:43:53,503 INFO org.apache.catalina.core.StandardService [restartedMain] Starting service [Tomcat]
2021-04-12 12:43:53,503 INFO org.apache.catalina.core.StandardEngine [restartedMain] Starting Servlet engine: [Apache Tomcat/9.0.43]
2021-04-12 12:43:53,554 INFO org.apache.catalina.core.ContainerBase.[Tomcat].[localhost].[/springfox] [restartedMain] Initializing Spring embedded WebApplicationContext
2021-04-12 12:43:53,554 INFO org.springframework.boot.web.servlet.context.ServletWebServerApplicationContext [restartedMain] Root WebApplicationContext: initialization completed in 964 ms
2021-04-12 12:43:53,640 INFO org.hibernate.jpa.internal.util.LogHelper [restartedMain] HHH000204: Processing PersistenceUnitInfo [name: default]
2021-04-12 12:43:53,644 INFO com.zaxxer.hikari.HikariDataSource [restartedMain] HikariPool-7 - Starting...
2021-04-12 12:43:53,819 INFO com.zaxxer.hikari.HikariDataSource [restartedMain] HikariPool-7 - Start completed.
2021-04-12 12:43:53,819 INFO org.hibernate.dialect.Dialect [restartedMain] HHH000400: Using dialect: org.hibernate.dialect.PostgreSQL10Dialect
2021-04-12 12:43:54,973 INFO org.hibernate.engine.transaction.jta.platform.internal.JtaPlatformInitiator [restartedMain] HHH000490: Using JtaPlatform implementation: [org.hibernate.engine.transaction.jta.platform.internal.NoJtaPlatform]
2021-04-12 12:43:54,973 INFO org.springframework.orm.jpa.LocalContainerEntityManagerFactoryBean [restartedMain] Initialized JPA EntityManagerFactory for persistence unit 'default'
2021-04-12 12:43:54,979 INFO org.springframework.boot.devtools.autoconfigure.OptionalLiveReloadServer [restartedMain] LiveReload server is running on port 35729
2021-04-12 12:43:55,360 WARN org.springframework.boot.autoconfigure.orm.jpa.JpaBaseConfiguration$JpaWebConfiguration [restartedMain] spring.jpa.open-in-view is enabled by default. Therefore, database queries may be performed during view rendering. Explicitly configure spring.jpa.open-in-view to disable this warning
2021-04-12 12:43:55,451 INFO org.springframework.boot.actuate.endpoint.web.EndpointLinksResolver [restartedMain] Exposing 2 endpoint(s) beneath base path '/actuator'
2021-04-12 12:43:55,633 INFO org.apache.coyote.http11.Http11NioProtocol [restartedMain] Starting ProtocolHandler ["http-nio-8085"]
2021-04-12 12:43:55,637 INFO org.springframework.boot.web.embedded.tomcat.TomcatWebServer [restartedMain] Tomcat started on port(s): 8085 (http) with context path '/springfox'
2021-04-12 12:43:55,911 INFO com.cg.aps.application.ApartmentSecurityAppApplication [restartedMain] Started ApartmentSecurityAppApplication in 3.363 seconds (JVM running for 5530.524)
2021-04-12 12:43:55,913 INFO org.springframework.boot.devtools.autoconfigure.ConditionEvaluationDeltaLoggingListener [restartedMain] Condition evaluation unchanged
2021-04-12 12:43:58,841 INFO org.apache.catalina.core.ContainerBase.[Tomcat].[localhost].[/springfox] [http-nio-8085-exec-1] Initializing Spring DispatcherServlet 'dispatcherServlet'
2021-04-12 12:43:58,842 INFO org.springframework.web.servlet.DispatcherServlet [http-nio-8085-exec-1] Initializing Servlet 'dispatcherServlet'
2021-04-12 12:43:58,844 INFO org.springframework.web.servlet.DispatcherServlet [http-nio-8085-exec-1] Completed initialization in 2 ms
2021-04-12 12:43:58,848 DEBUG com.cg.aps.aspect.LoggerAspectOwner [http-nio-8085-exec-1] Entering method : com.cg.aps.controller.OwnerController.getAllAlerts() with argument[s] = []
2021-04-12 12:43:58,889 DEBUG com.cg.aps.aspect.LoggerAspectOwner [http-nio-8085-exec-1] Exiting method: com.cg.aps.controller.OwnerController.getAllAlerts() with result = <200 OK OK,[SecurityAlert(id=12, alertMessage=Please help there is fire problem, alertType=No Fire Just Kidding, alertDate=2021-12-01, guard=null, owner=null), SecurityAlert(id=13, alertMessage=Please help there is a problem, alertType=LOL jsdgfsjgvf, alertDate=2021-08-30, guard=null, owner=null)],[]>
2021-04-12 12:43:59,940 DEBUG com.cg.aps.aspect.LoggerAspectOwner [http-nio-8085-exec-3] Entering method : com.cg.aps.controller.OwnerController.deleteAlert() with argument[s] = [13]
2021-04-12 12:43:59,951 DEBUG com.cg.aps.aspect.LoggerAspectOwner [http-nio-8085-exec-3] Exiting method: com.cg.aps.controller.OwnerController.deleteAlert() with result = <200 OK OK,Deleted successfully,[]>
2021-04-12 12:44:01,409 DEBUG com.cg.aps.aspect.LoggerAspectOwner [http-nio-8085-exec-4] Entering method : com.cg.aps.controller.OwnerController.getAllAlerts() with argument[s] = []
2021-04-12 12:44:01,412 DEBUG com.cg.aps.aspect.LoggerAspectOwner [http-nio-8085-exec-4] Exiting method: com.cg.aps.controller.OwnerController.getAllAlerts() with result = <200 OK OK,[SecurityAlert(id=12, alertMessage=Please help there is fire problem, alertType=No Fire Just Kidding, alertDate=2021-12-01, guard=null, owner=null)],[]>
2021-04-12 12:49:20,425 DEBUG com.cg.aps.aspect.LoggerAspectOwner [http-nio-8085-exec-6] Entering method : com.cg.aps.controller.OwnerController.getAllAlerts() with argument[s] = []
2021-04-12 12:49:20,429 DEBUG com.cg.aps.aspect.LoggerAspectOwner [http-nio-8085-exec-6] Exiting method: com.cg.aps.controller.OwnerController.getAllAlerts() with result = <200 OK OK,[SecurityAlert(id=12, alertMessage=Please help there is fire problem, alertType=No Fire Just Kidding, alertDate=2021-12-01, guard=null, owner=null)],[]>
2021-04-12 13:05:09,567 DEBUG com.cg.aps.aspect.LoggerAspectOwner [http-nio-8085-exec-9] Entering method : com.cg.aps.controller.OwnerController.deleteAlert() with argument[s] = [12]
2021-04-12 13:05:09,577 DEBUG com.cg.aps.aspect.LoggerAspectOwner [http-nio-8085-exec-9] Exiting method: com.cg.aps.controller.OwnerController.deleteAlert() with result = <200 OK OK,Deleted successfully,[]>
2021-04-12 13:05:15,701 DEBUG com.cg.aps.aspect.LoggerAspectOwner [http-nio-8085-exec-1] Entering method : com.cg.aps.controller.OwnerController.addAlert() with argument[s] = [SecurityAlert(id=null, alertMessage=Please help there is a problem, alertType=Emergency, alertDate=2021-12-01, guard=null, owner=null)]
2021-04-12 13:05:15,707 DEBUG com.cg.aps.aspect.LoggerAspectOwner [http-nio-8085-exec-1] Exiting method: com.cg.aps.controller.OwnerController.addAlert() with result = <200 OK OK,14,[]>
2021-04-12 13:05:15,727 DEBUG com.cg.aps.aspect.LoggerAspectOwner [http-nio-8085-exec-2] Entering method : com.cg.aps.controller.OwnerController.getAllAlerts() with argument[s] = []
2021-04-12 13:05:15,729 DEBUG com.cg.aps.aspect.LoggerAspectOwner [http-nio-8085-exec-2] Exiting method: com.cg.aps.controller.OwnerController.getAllAlerts() with result = <200 OK OK,[SecurityAlert(id=14, alertMessage=Please help there is a problem, alertType=Emergency, alertDate=2021-12-01, guard=null, owner=null)],[]>
2021-04-12 13:05:39,823 DEBUG com.cg.aps.aspect.LoggerAspectOwner [http-nio-8085-exec-3] Entering method : com.cg.aps.controller.OwnerController.addAlert() with argument[s] = [SecurityAlert(id=null, alertMessage=Please help there is fire problem, alertType=Nothing, take your time, alertDate=2021-08-30, guard=null, owner=null)]
2021-04-12 13:05:39,828 DEBUG com.cg.aps.aspect.LoggerAspectOwner [http-nio-8085-exec-3] Exiting method: com.cg.aps.controller.OwnerController.addAlert() with result = <200 OK OK,15,[]>
2021-04-12 13:05:39,850 DEBUG com.cg.aps.aspect.LoggerAspectOwner [http-nio-8085-exec-4] Entering method : com.cg.aps.controller.OwnerController.getAllAlerts() with argument[s] = []
2021-04-12 13:05:39,853 DEBUG com.cg.aps.aspect.LoggerAspectOwner [http-nio-8085-exec-4] Exiting method: com.cg.aps.controller.OwnerController.getAllAlerts() with result = <200 OK OK,[SecurityAlert(id=14, alertMessage=Please help there is a problem, alertType=Emergency, alertDate=2021-12-01, guard=null, owner=null), SecurityAlert(id=15, alertMessage=Please help there is fire problem, alertType=Nothing, take your time, alertDate=2021-08-30, guard=null, owner=null)],[]>
2021-04-12 13:27:17,288 DEBUG com.cg.aps.aspect.LoggerAspectOwner [http-nio-8085-exec-6] Entering method : com.cg.aps.controller.OwnerController.getAllAlerts() with argument[s] = []
2021-04-12 13:27:17,303 DEBUG com.cg.aps.aspect.LoggerAspectOwner [http-nio-8085-exec-6] Exiting method: com.cg.aps.controller.OwnerController.getAllAlerts() with result = <200 OK OK,[SecurityAlert(id=14, alertMessage=Please help there is a problem, alertType=Emergency, alertDate=2021-12-01, guard=null, owner=null), SecurityAlert(id=15, alertMessage=Please help there is fire problem, alertType=Nothing, take your time, alertDate=2021-08-30, guard=null, owner=null)],[]>
2021-04-12 13:28:16,237 DEBUG com.cg.aps.aspect.LoggerAspectOwner [http-nio-8085-exec-7] Entering method : com.cg.aps.controller.OwnerController.addAlert() with argument[s] = [SecurityAlert(id=null, alertMessage=There is a problem, please help, alertType=Fire, alertDate=2020-12-10, guard=null, owner=null)]
2021-04-12 13:28:16,248 DEBUG com.cg.aps.aspect.LoggerAspectOwner [http-nio-8085-exec-7] Exiting method: com.cg.aps.controller.OwnerController.addAlert() with result = <200 OK OK,16,[]>
2021-04-12 13:28:16,277 DEBUG com.cg.aps.aspect.LoggerAspectOwner [http-nio-8085-exec-8] Entering method : com.cg.aps.controller.OwnerController.getAllAlerts() with argument[s] = []
2021-04-12 13:28:16,281 DEBUG com.cg.aps.aspect.LoggerAspectOwner [http-nio-8085-exec-8] Exiting method: com.cg.aps.controller.OwnerController.getAllAlerts() with result = <200 OK OK,[SecurityAlert(id=14, alertMessage=Please help there is a problem, alertType=Emergency, alertDate=2021-12-01, guard=null, owner=null), SecurityAlert(id=15, alertMessage=Please help there is fire problem, alertType=Nothing, take your time, alertDate=2021-08-30, guard=null, owner=null), SecurityAlert(id=16, alertMessage=There is a problem, please help, alertType=Fire, alertDate=2020-12-10, guard=null, owner=null)],[]>
2021-04-12 13:28:19,880 DEBUG com.cg.aps.aspect.LoggerAspectOwner [http-nio-8085-exec-9] Entering method : com.cg.aps.controller.OwnerController.getAlertById() with argument[s] = [16]
2021-04-12 13:28:19,883 DEBUG com.cg.aps.aspect.LoggerAspectOwner [http-nio-8085-exec-9] Exiting method: com.cg.aps.controller.OwnerController.getAlertById() with result = <200 OK OK,SecurityAlert(id=16, alertMessage=There is a problem, please help, alertType=Fire, alertDate=2020-12-10, guard=null, owner=null),[]>
2021-04-12 13:28:31,648 DEBUG com.cg.aps.aspect.LoggerAspectOwner [http-nio-8085-exec-10] Entering method : com.cg.aps.controller.OwnerController.getAllAlerts() with argument[s] = []
2021-04-12 13:28:31,655 DEBUG com.cg.aps.aspect.LoggerAspectOwner [http-nio-8085-exec-10] Exiting method: com.cg.aps.controller.OwnerController.getAllAlerts() with result = <200 OK OK,[SecurityAlert(id=14, alertMessage=Please help there is a problem, alertType=Emergency, alertDate=2021-12-01, guard=null, owner=null), SecurityAlert(id=15, alertMessage=Please help there is fire problem, alertType=Nothing, take your time, alertDate=2021-08-30, guard=null, owner=null), SecurityAlert(id=16, alertMessage=There is a problem, please help, alertType=Fire, alertDate=2020-12-10, guard=null, owner=null)],[]>
2021-04-12 13:28:33,597 DEBUG com.cg.aps.aspect.LoggerAspectOwner [http-nio-8085-exec-1] Entering method : com.cg.aps.controller.OwnerController.getAlertById() with argument[s] = [16]
2021-04-12 13:28:33,602 DEBUG com.cg.aps.aspect.LoggerAspectOwner [http-nio-8085-exec-1] Exiting method: com.cg.aps.controller.OwnerController.getAlertById() with result = <200 OK OK,SecurityAlert(id=16, alertMessage=There is a problem, please help, alertType=Fire, alertDate=2020-12-10, guard=null, owner=null),[]>
2021-04-12 13:28:41,970 DEBUG com.cg.aps.aspect.LoggerAspectOwner [http-nio-8085-exec-3] Entering method : com.cg.aps.controller.OwnerController.updateEmployee() with argument[s] = [SecurityAlert(id=16, alertMessage=There is a problem, please help, alertType=Fire Problem, alertDate=2020-12-10, guard=null, owner=null)]
2021-04-12 13:28:42,009 DEBUG com.cg.aps.aspect.LoggerAspectOwner [http-nio-8085-exec-3] Exiting method: com.cg.aps.controller.OwnerController.updateEmployee() with result = <200 OK OK,updated successfully,[]>
2021-04-12 13:28:42,035 DEBUG com.cg.aps.aspect.LoggerAspectOwner [http-nio-8085-exec-4] Entering method : com.cg.aps.controller.OwnerController.getAllAlerts() with argument[s] = []
2021-04-12 13:28:42,038 DEBUG com.cg.aps.aspect.LoggerAspectOwner [http-nio-8085-exec-4] Exiting method: com.cg.aps.controller.OwnerController.getAllAlerts() with result = <200 OK OK,[SecurityAlert(id=14, alertMessage=Please help there is a problem, alertType=Emergency, alertDate=2021-12-01, guard=null, owner=null), SecurityAlert(id=15, alertMessage=Please help there is fire problem, alertType=Nothing, take your time, alertDate=2021-08-30, guard=null, owner=null), SecurityAlert(id=16, alertMessage=There is a problem, please help, alertType=Fire Problem, alertDate=2020-12-10, guard=null, owner=null)],[]>
2021-04-12 13:28:47,689 DEBUG com.cg.aps.aspect.LoggerAspectOwner [http-nio-8085-exec-6] Entering method : com.cg.aps.controller.OwnerController.deleteAlert() with argument[s] = [15]
2021-04-12 13:28:47,692 DEBUG com.cg.aps.aspect.LoggerAspectOwner [http-nio-8085-exec-6] Exiting method: com.cg.aps.controller.OwnerController.deleteAlert() with result = <200 OK OK,Deleted successfully,[]>
2021-04-12 13:32:15,294 DEBUG com.cg.aps.aspect.LoggerAspectOwner [http-nio-8085-exec-8] Entering method : com.cg.aps.controller.OwnerController.getAllAlerts() with argument[s] = []
2021-04-12 13:32:15,297 DEBUG com.cg.aps.aspect.LoggerAspectOwner [http-nio-8085-exec-8] Exiting method: com.cg.aps.controller.OwnerController.getAllAlerts() with result = <200 OK OK,[SecurityAlert(id=14, alertMessage=Please help there is a problem, alertType=Emergency, alertDate=2021-12-01, guard=null, owner=null), SecurityAlert(id=16, alertMessage=There is a problem, please help, alertType=Fire Problem, alertDate=2020-12-10, guard=null, owner=null)],[]>
2021-04-12 13:32:16,847 DEBUG com.cg.aps.aspect.LoggerAspectOwner [http-nio-8085-exec-9] Entering method : com.cg.aps.controller.OwnerController.getAlertById() with argument[s] = [14]
2021-04-12 13:32:16,851 DEBUG com.cg.aps.aspect.LoggerAspectOwner [http-nio-8085-exec-9] Exiting method: com.cg.aps.controller.OwnerController.getAlertById() with result = <200 OK OK,SecurityAlert(id=14, alertMessage=Please help there is a problem, alertType=Emergency, alertDate=2021-12-01, guard=null, owner=null),[]>
2021-04-12 13:32:20,200 DEBUG com.cg.aps.aspect.LoggerAspectOwner [http-nio-8085-exec-10] Entering method : com.cg.aps.controller.OwnerController.getAllAlerts() with argument[s] = []
2021-04-12 13:32:20,202 DEBUG com.cg.aps.aspect.LoggerAspectOwner [http-nio-8085-exec-10] Exiting method: com.cg.aps.controller.OwnerController.getAllAlerts() with result = <200 OK OK,[SecurityAlert(id=14, alertMessage=Please help there is a problem, alertType=Emergency, alertDate=2021-12-01, guard=null, owner=null), SecurityAlert(id=16, alertMessage=There is a problem, please help, alertType=Fire Problem, alertDate=2020-12-10, guard=null, owner=null)],[]>
2021-04-12 13:32:21,479 DEBUG com.cg.aps.aspect.LoggerAspectOwner [http-nio-8085-exec-1] Entering method : com.cg.aps.controller.OwnerController.getAlertById() with argument[s] = [14]
2021-04-12 13:32:21,481 DEBUG com.cg.aps.aspect.LoggerAspectOwner [http-nio-8085-exec-1] Exiting method: com.cg.aps.controller.OwnerController.getAlertById() with result = <200 OK OK,SecurityAlert(id=14, alertMessage=Please help there is a problem, alertType=Emergency, alertDate=2021-12-01, guard=null, owner=null),[]>
2021-04-12 13:32:25,649 DEBUG com.cg.aps.aspect.LoggerAspectOwner [http-nio-8085-exec-2] Entering method : com.cg.aps.controller.OwnerController.getAllAlerts() with argument[s] = []
2021-04-12 13:32:25,651 DEBUG com.cg.aps.aspect.LoggerAspectOwner [http-nio-8085-exec-2] Exiting method: com.cg.aps.controller.OwnerController.getAllAlerts() with result = <200 OK OK,[SecurityAlert(id=14, alertMessage=Please help there is a problem, alertType=Emergency, alertDate=2021-12-01, guard=null, owner=null), SecurityAlert(id=16, alertMessage=There is a problem, please help, alertType=Fire Problem, alertDate=2020-12-10, guard=null, owner=null)],[]>
2021-04-12 13:33:40,737 DEBUG com.cg.aps.aspect.LoggerAspectOwner [http-nio-8085-exec-4] Entering method : com.cg.aps.controller.OwnerController.getAllAlerts() with argument[s] = []
2021-04-12 13:33:40,745 DEBUG com.cg.aps.aspect.LoggerAspectOwner [http-nio-8085-exec-4] Exiting method: com.cg.aps.controller.OwnerController.getAllAlerts() with result = <200 OK OK,[SecurityAlert(id=14, alertMessage=Please help there is a problem, alertType=Emergency, alertDate=2021-12-01, guard=null, owner=null), SecurityAlert(id=16, alertMessage=There is a problem, please help, alertType=Fire Problem, alertDate=2020-12-10, guard=null, owner=null)],[]>
2021-04-12 13:33:41,744 DEBUG com.cg.aps.aspect.LoggerAspectOwner [http-nio-8085-exec-5] Entering method : com.cg.aps.controller.OwnerController.getAlertById() with argument[s] = [14]
2021-04-12 13:33:41,747 DEBUG com.cg.aps.aspect.LoggerAspectOwner [http-nio-8085-exec-5] Exiting method: com.cg.aps.controller.OwnerController.getAlertById() with result = <200 OK OK,SecurityAlert(id=14, alertMessage=Please help there is a problem, alertType=Emergency, alertDate=2021-12-01, guard=null, owner=null),[]>
2021-04-12 13:33:45,285 DEBUG com.cg.aps.aspect.LoggerAspectOwner [http-nio-8085-exec-6] Entering method : com.cg.aps.controller.OwnerController.getAllAlerts() with argument[s] = []
2021-04-12 13:33:45,287 DEBUG com.cg.aps.aspect.LoggerAspectOwner [http-nio-8085-exec-6] Exiting method: com.cg.aps.controller.OwnerController.getAllAlerts() with result = <200 OK OK,[SecurityAlert(id=14, alertMessage=Please help there is a problem, alertType=Emergency, alertDate=2021-12-01, guard=null, owner=null), SecurityAlert(id=16, alertMessage=There is a problem, please help, alertType=Fire Problem, alertDate=2020-12-10, guard=null, owner=null)],[]>
2021-04-12 14:15:42,875 WARN com.zaxxer.hikari.pool.HikariPool [HikariPool-7 housekeeper] HikariPool-7 - Thread starvation or clock leap detected (housekeeper delta=25m17s904ms256s900ns).
2021-04-12 17:31:24,637 INFO com.cg.aps.application.ApartmentSecurityAppApplication [restartedMain] Starting ApartmentSecurityAppApplication using Java 1.8.0_281 on RAMSAI-VAJRAPU with PID 8888 (E:\CG Sprints\main\Apartment-Security-App\target\classes started by Ram Sai Vajrapu in E:\CG Sprints\main\Apartment-Security-App)
2021-04-12 17:31:24,687 DEBUG com.cg.aps.application.ApartmentSecurityAppApplication [restartedMain] Running with Spring Boot v2.4.3, Spring v5.3.4
2021-04-12 17:31:24,687 INFO com.cg.aps.application.ApartmentSecurityAppApplication [restartedMain] No active profile set, falling back to default profiles: default
2021-04-12 17:31:24,771 INFO org.springframework.boot.devtools.env.DevToolsPropertyDefaultsPostProcessor [restartedMain] Devtools property defaults active! Set 'spring.devtools.add-properties' to 'false' to disable
2021-04-12 17:31:24,771 INFO org.springframework.boot.devtools.env.DevToolsPropertyDefaultsPostProcessor [restartedMain] For additional web related logging consider setting the 'logging.level.web' property to 'DEBUG'
2021-04-12 17:31:25,775 INFO org.springframework.data.repository.config.RepositoryConfigurationDelegate [restartedMain] Bootstrapping Spring Data JPA repositories in DEFAULT mode.
2021-04-12 17:31:25,860 INFO org.springframework.data.repository.config.RepositoryConfigurationDelegate [restartedMain] Finished Spring Data repository scanning in 77 ms. Found 10 JPA repository interfaces.
2021-04-12 17:31:27,298 INFO org.springframework.boot.web.embedded.tomcat.TomcatWebServer [restartedMain] Tomcat initialized with port(s): 8085 (http)
2021-04-12 17:31:27,309 INFO org.apache.coyote.http11.Http11NioProtocol [restartedMain] Initializing ProtocolHandler ["http-nio-8085"]
2021-04-12 17:31:27,309 INFO org.apache.catalina.core.StandardService [restartedMain] Starting service [Tomcat]
2021-04-12 17:31:27,310 INFO org.apache.catalina.core.StandardEngine [restartedMain] Starting Servlet engine: [Apache Tomcat/9.0.43]
2021-04-12 17:31:27,489 INFO org.apache.catalina.core.ContainerBase.[Tomcat].[localhost].[/springfox] [restartedMain] Initializing Spring embedded WebApplicationContext
2021-04-12 17:31:27,489 INFO org.springframework.boot.web.servlet.context.ServletWebServerApplicationContext [restartedMain] Root WebApplicationContext: initialization completed in 2717 ms
2021-04-12 17:31:27,825 INFO org.hibernate.jpa.internal.util.LogHelper [restartedMain] HHH000204: Processing PersistenceUnitInfo [name: default]
2021-04-12 17:31:27,881 INFO org.hibernate.Version [restartedMain] HHH000412: Hibernate ORM core version 5.4.28.Final
2021-04-12 17:31:28,033 INFO org.hibernate.annotations.common.Version [restartedMain] HCANN000001: Hibernate Commons Annotations {5.1.2.Final}
2021-04-12 17:31:28,147 INFO com.zaxxer.hikari.HikariDataSource [restartedMain] HikariPool-1 - Starting...
2021-04-12 17:31:29,090 INFO com.zaxxer.hikari.HikariDataSource [restartedMain] HikariPool-1 - Start completed.
2021-04-12 17:31:29,127 INFO org.hibernate.dialect.Dialect [restartedMain] HHH000400: Using dialect: org.hibernate.dialect.PostgreSQL10Dialect
2021-04-12 17:31:33,940 INFO org.hibernate.engine.transaction.jta.platform.internal.JtaPlatformInitiator [restartedMain] HHH000490: Using JtaPlatform implementation: [org.hibernate.engine.transaction.jta.platform.internal.NoJtaPlatform]
2021-04-12 17:31:34,005 INFO org.springframework.orm.jpa.LocalContainerEntityManagerFactoryBean [restartedMain] Initialized JPA EntityManagerFactory for persistence unit 'default'
2021-04-12 17:31:34,041 INFO org.springframework.boot.devtools.autoconfigure.OptionalLiveReloadServer [restartedMain] LiveReload server is running on port 35729
2021-04-12 17:31:35,750 WARN org.springframework.boot.autoconfigure.orm.jpa.JpaBaseConfiguration$JpaWebConfiguration [restartedMain] spring.jpa.open-in-view is enabled by default. Therefore, database queries may be performed during view rendering. Explicitly configure spring.jpa.open-in-view to disable this warning
2021-04-12 17:31:36,323 INFO org.springframework.boot.actuate.endpoint.web.EndpointLinksResolver [restartedMain] Exposing 2 endpoint(s) beneath base path '/actuator'
2021-04-12 17:31:36,991 INFO org.apache.coyote.http11.Http11NioProtocol [restartedMain] Starting ProtocolHandler ["http-nio-8085"]
2021-04-12 17:31:37,046 INFO org.springframework.boot.web.embedded.tomcat.TomcatWebServer [restartedMain] Tomcat started on port(s): 8085 (http) with context path '/springfox'
2021-04-12 17:31:37,764 INFO com.cg.aps.application.ApartmentSecurityAppApplication [restartedMain] Started ApartmentSecurityAppApplication in 13.627 seconds (JVM running for 14.732)
2021-04-12 17:34:06,668 INFO org.apache.catalina.core.ContainerBase.[Tomcat].[localhost].[/springfox] [http-nio-8085-exec-1] Initializing Spring DispatcherServlet 'dispatcherServlet'
2021-04-12 17:34:06,668 INFO org.springframework.web.servlet.DispatcherServlet [http-nio-8085-exec-1] Initializing Servlet 'dispatcherServlet'
2021-04-12 17:34:06,671 INFO org.springframework.web.servlet.DispatcherServlet [http-nio-8085-exec-1] Completed initialization in 3 ms
2021-04-12 17:34:06,722 WARN org.springframework.web.servlet.PageNotFound [http-nio-8085-exec-1] No mapping for GET /springfox/api/owner/alerts
2021-04-12 17:35:50,908 WARN org.springframework.web.servlet.PageNotFound [http-nio-8085-exec-3] No mapping for GET /springfox/api/owner/alerts
2021-04-12 17:36:01,421 WARN org.springframework.web.servlet.PageNotFound [http-nio-8085-exec-4] No mapping for GET /springfox/api/owner/alerts
2021-04-12 17:36:23,269 DEBUG com.cg.aps.aspect.LoggerAspectOwner [http-nio-8085-exec-5] Entering method : com.cg.aps.controller.OwnerController.getAllAlerts() with argument[s] = []
2021-04-12 17:36:23,789 DEBUG com.cg.aps.aspect.LoggerAspectOwner [http-nio-8085-exec-5] Exiting method: com.cg.aps.controller.OwnerController.getAllAlerts() with result = <200 OK OK,[SecurityAlert(id=14, alertMessage=Please help there is a problem, alertType=Emergency, alertDate=2021-12-01, guard=null, owner=null), SecurityAlert(id=16, alertMessage=There is a problem, please help, alertType=Fire Problem, alertDate=2020-12-10, guard=null, owner=null)],[]>
2021-04-12 17:36:30,198 DEBUG com.cg.aps.aspect.LoggerAspectOwner [http-nio-8085-exec-6] Entering method : com.cg.aps.controller.OwnerController.getAllAlerts() with argument[s] = []
2021-04-12 17:36:30,201 DEBUG com.cg.aps.aspect.LoggerAspectOwner [http-nio-8085-exec-6] Exiting method: com.cg.aps.controller.OwnerController.getAllAlerts() with result = <200 OK OK,[SecurityAlert(id=14, alertMessage=Please help there is a problem, alertType=Emergency, alertDate=2021-12-01, guard=null, owner=null), SecurityAlert(id=16, alertMessage=There is a problem, please help, alertType=Fire Problem, alertDate=2020-12-10, guard=null, owner=null)],[]>
2021-04-12 17:36:31,547 DEBUG com.cg.aps.aspect.LoggerAspectOwner [http-nio-8085-exec-7] Entering method : com.cg.aps.controller.OwnerController.getAllAlerts() with argument[s] = []
2021-04-12 17:36:31,550 DEBUG com.cg.aps.aspect.LoggerAspectOwner [http-nio-8085-exec-7] Exiting method: com.cg.aps.controller.OwnerController.getAllAlerts() with result = <200 OK OK,[SecurityAlert(id=14, alertMessage=Please help there is a problem, alertType=Emergency, alertDate=2021-12-01, guard=null, owner=null), SecurityAlert(id=16, alertMessage=There is a problem, please help, alertType=Fire Problem, alertDate=2020-12-10, guard=null, owner=null)],[]>
2021-04-12 17:36:45,680 DEBUG com.cg.aps.aspect.LoggerAspectOwner [http-nio-8085-exec-8] Entering method : com.cg.aps.controller.OwnerController.getAlertById() with argument[s] = [14]
2021-04-12 17:36:45,723 DEBUG com.cg.aps.aspect.LoggerAspectOwner [http-nio-8085-exec-8] Exiting method: com.cg.aps.controller.OwnerController.getAlertById() with result = <200 OK OK,SecurityAlert(id=14, alertMessage=Please help there is a problem, alertType=Emergency, alertDate=2021-12-01, guard=null, owner=null),[]>
2021-04-12 17:36:56,096 DEBUG com.cg.aps.aspect.LoggerAspectOwner [http-nio-8085-exec-10] Entering method : com.cg.aps.controller.OwnerController.updateEmployee() with argument[s] = [SecurityAlert(id=14, alertMessage=Please help there is a problem, alertType=Emergency LOL, alertDate=2021-12-01, guard=null, owner=null)]
2021-04-12 17:36:56,371 DEBUG com.cg.aps.aspect.LoggerAspectOwner [http-nio-8085-exec-10] Exiting method: com.cg.aps.controller.OwnerController.updateEmployee() with result = <200 OK OK,updated successfully,[]>
2021-04-12 17:36:56,407 DEBUG com.cg.aps.aspect.LoggerAspectOwner [http-nio-8085-exec-1] Entering method : com.cg.aps.controller.OwnerController.getAllAlerts() with argument[s] = []
2021-04-12 17:36:56,411 DEBUG com.cg.aps.aspect.LoggerAspectOwner [http-nio-8085-exec-1] Exiting method: com.cg.aps.controller.OwnerController.getAllAlerts() with result = <200 OK OK,[SecurityAlert(id=16, alertMessage=There is a problem, please help, alertType=Fire Problem, alertDate=2020-12-10, guard=null, owner=null), SecurityAlert(id=14, alertMessage=Please help there is a problem, alertType=Emergency LOL, alertDate=2021-12-01, guard=null, owner=null)],[]>
2021-04-12 17:37:09,406 DEBUG com.cg.aps.aspect.LoggerAspectOwner [http-nio-8085-exec-2] Entering method : com.cg.aps.controller.OwnerController.getAlertById() with argument[s] = [16]
2021-04-12 17:37:09,410 DEBUG com.cg.aps.aspect.LoggerAspectOwner [http-nio-8085-exec-2] Exiting method: com.cg.aps.controller.OwnerController.getAlertById() with result = <200 OK OK,SecurityAlert(id=16, alertMessage=There is a problem, please help, alertType=Fire Problem, alertDate=2020-12-10, guard=null, owner=null),[]>
2021-04-12 17:37:15,530 DEBUG com.cg.aps.aspect.LoggerAspectOwner [http-nio-8085-exec-3] Entering method : com.cg.aps.controller.OwnerController.getAllAlerts() with argument[s] = []
2021-04-12 17:37:15,535 DEBUG com.cg.aps.aspect.LoggerAspectOwner [http-nio-8085-exec-3] Exiting method: com.cg.aps.controller.OwnerController.getAllAlerts() with result = <200 OK OK,[SecurityAlert(id=16, alertMessage=There is a problem, please help, alertType=Fire Problem, alertDate=2020-12-10, guard=null, owner=null), SecurityAlert(id=14, alertMessage=Please help there is a problem, alertType=Emergency LOL, alertDate=2021-12-01, guard=null, owner=null)],[]>
2021-04-12 17:37:18,047 DEBUG com.cg.aps.aspect.LoggerAspectOwner [http-nio-8085-exec-5] Entering method : com.cg.aps.controller.OwnerController.deleteAlert() with argument[s] = [14]
2021-04-12 17:37:18,081 DEBUG com.cg.aps.aspect.LoggerAspectOwner [http-nio-8085-exec-5] Exiting method: com.cg.aps.controller.OwnerController.deleteAlert() with result = <200 OK OK,Deleted successfully,[]>
2021-04-12 17:37:38,922 DEBUG com.cg.aps.aspect.LoggerAspectOwner [http-nio-8085-exec-6] Entering method : com.cg.aps.controller.OwnerController.addAlert() with argument[s] = [SecurityAlert(id=null, alertMessage=There is a problem, please help, alertType=No Fire Just Kidding, alertDate=2021-08-30, guard=null, owner=null)]
2021-04-12 17:37:39,228 DEBUG com.cg.aps.aspect.LoggerAspectOwner [http-nio-8085-exec-6] Exiting method: com.cg.aps.controller.OwnerController.addAlert() with result = <200 OK OK,17,[]>
2021-04-12 17:37:39,266 DEBUG com.cg.aps.aspect.LoggerAspectOwner [http-nio-8085-exec-7] Entering method : com.cg.aps.controller.OwnerController.getAllAlerts() with argument[s] = []
2021-04-12 17:37:39,284 DEBUG com.cg.aps.aspect.LoggerAspectOwner [http-nio-8085-exec-7] Exiting method: com.cg.aps.controller.OwnerController.getAllAlerts() with result = <200 OK OK,[SecurityAlert(id=16, alertMessage=There is a problem, please help, alertType=Fire Problem, alertDate=2020-12-10, guard=null, owner=null), SecurityAlert(id=17, alertMessage=There is a problem, please help, alertType=No Fire Just Kidding, alertDate=2021-08-30, guard=null, owner=null)],[]>
2021-04-12 18:11:13,919 INFO org.springframework.orm.jpa.LocalContainerEntityManagerFactoryBean [Thread-6] Closing JPA EntityManagerFactory for persistence unit 'default'
2021-04-12 18:11:13,933 INFO com.zaxxer.hikari.HikariDataSource [Thread-6] HikariPool-1 - Shutdown initiated...
2021-04-12 18:11:13,940 INFO com.zaxxer.hikari.HikariDataSource [Thread-6] HikariPool-1 - Shutdown completed.
2021-04-12 18:11:14,350 INFO com.cg.aps.application.ApartmentSecurityAppApplication [restartedMain] Starting ApartmentSecurityAppApplication using Java 1.8.0_281 on RAMSAI-VAJRAPU with PID 8888 (E:\CG Sprints\main\Apartment-Security-App\target\classes started by Ram Sai Vajrapu in E:\CG Sprints\main\Apartment-Security-App)
2021-04-12 18:11:14,350 DEBUG com.cg.aps.application.ApartmentSecurityAppApplication [restartedMain] Running with Spring Boot v2.4.3, Spring v5.3.4
2021-04-12 18:11:14,351 INFO com.cg.aps.application.ApartmentSecurityAppApplication [restartedMain] No active profile set, falling back to default profiles: default
2021-04-12 18:11:15,443 INFO org.springframework.data.repository.config.RepositoryConfigurationDelegate [restartedMain] Bootstrapping Spring Data JPA repositories in DEFAULT mode.
2021-04-12 18:11:15,480 INFO org.springframework.data.repository.config.RepositoryConfigurationDelegate [restartedMain] Finished Spring Data repository scanning in 36 ms. Found 10 JPA repository interfaces.
2021-04-12 18:11:16,153 INFO org.springframework.boot.web.embedded.tomcat.TomcatWebServer [restartedMain] Tomcat initialized with port(s): 8085 (http)
2021-04-12 18:11:16,154 INFO org.apache.coyote.http11.Http11NioProtocol [restartedMain] Initializing ProtocolHandler ["http-nio-8085"]
2021-04-12 18:11:16,154 INFO org.apache.catalina.core.StandardService [restartedMain] Starting service [Tomcat]
2021-04-12 18:11:16,154 INFO org.apache.catalina.core.StandardEngine [restartedMain] Starting Servlet engine: [Apache Tomcat/9.0.43]
2021-04-12 18:11:16,187 INFO org.apache.catalina.core.ContainerBase.[Tomcat].[localhost].[/springfox] [restartedMain] Initializing Spring embedded WebApplicationContext
2021-04-12 18:11:16,187 INFO org.springframework.boot.web.servlet.context.ServletWebServerApplicationContext [restartedMain] Root WebApplicationContext: initialization completed in 1822 ms
2021-04-12 18:11:16,278 INFO org.hibernate.jpa.internal.util.LogHelper [restartedMain] HHH000204: Processing PersistenceUnitInfo [name: default]
2021-04-12 18:11:16,283 INFO com.zaxxer.hikari.HikariDataSource [restartedMain] HikariPool-2 - Starting...
2021-04-12 18:11:16,350 INFO com.zaxxer.hikari.HikariDataSource [restartedMain] HikariPool-2 - Start completed.
2021-04-12 18:11:16,350 INFO org.hibernate.dialect.Dialect [restartedMain] HHH000400: Using dialect: org.hibernate.dialect.PostgreSQL10Dialect
2021-04-12 18:11:17,657 INFO org.hibernate.engine.transaction.jta.platform.internal.JtaPlatformInitiator [restartedMain] HHH000490: Using JtaPlatform implementation: [org.hibernate.engine.transaction.jta.platform.internal.NoJtaPlatform]
2021-04-12 18:11:17,657 INFO org.springframework.orm.jpa.LocalContainerEntityManagerFactoryBean [restartedMain] Initialized JPA EntityManagerFactory for persistence unit 'default'
2021-04-12 18:11:17,665 INFO org.springframework.boot.devtools.autoconfigure.OptionalLiveReloadServer [restartedMain] LiveReload server is running on port 35729
2021-04-12 18:11:18,098 WARN org.springframework.boot.autoconfigure.orm.jpa.JpaBaseConfiguration$JpaWebConfiguration [restartedMain] spring.jpa.open-in-view is enabled by default. Therefore, database queries may be performed during view rendering. Explicitly configure spring.jpa.open-in-view to disable this warning
2021-04-12 18:11:18,216 INFO org.springframework.boot.actuate.endpoint.web.EndpointLinksResolver [restartedMain] Exposing 2 endpoint(s) beneath base path '/actuator'
2021-04-12 18:11:18,414 INFO org.apache.coyote.http11.Http11NioProtocol [restartedMain] Starting ProtocolHandler ["http-nio-8085"]
2021-04-12 18:11:18,418 INFO org.springframework.boot.web.embedded.tomcat.TomcatWebServer [restartedMain] Tomcat started on port(s): 8085 (http) with context path '/springfox'
2021-04-12 18:11:18,826 INFO com.cg.aps.application.ApartmentSecurityAppApplication [restartedMain] Started ApartmentSecurityAppApplication in 4.653 seconds (JVM running for 2395.794)
2021-04-12 18:11:18,830 INFO org.springframework.boot.devtools.autoconfigure.ConditionEvaluationDeltaLoggingListener [restartedMain] Condition evaluation unchanged
2021-04-12 18:11:20,109 INFO org.springframework.orm.jpa.LocalContainerEntityManagerFactoryBean [Thread-10] Closing JPA EntityManagerFactory for persistence unit 'default'
2021-04-12 18:11:20,110 INFO com.zaxxer.hikari.HikariDataSource [Thread-10] HikariPool-2 - Shutdown initiated...
2021-04-12 18:11:20,118 INFO com.zaxxer.hikari.HikariDataSource [Thread-10] HikariPool-2 - Shutdown completed.
2021-04-12 18:11:20,331 INFO com.cg.aps.application.ApartmentSecurityAppApplication [restartedMain] Starting ApartmentSecurityAppApplication using Java 1.8.0_281 on RAMSAI-VAJRAPU with PID 8888 (E:\CG Sprints\main\Apartment-Security-App\target\classes started by Ram Sai Vajrapu in E:\CG Sprints\main\Apartment-Security-App)
2021-04-12 18:11:20,331 DEBUG com.cg.aps.application.ApartmentSecurityAppApplication [restartedMain] Running with Spring Boot v2.4.3, Spring v5.3.4
2021-04-12 18:11:20,331 INFO com.cg.aps.application.ApartmentSecurityAppApplication [restartedMain] No active profile set, falling back to default profiles: default
2021-04-12 18:18:31,424 INFO com.cg.aps.application.ApartmentSecurityAppApplication [restartedMain] Starting ApartmentSecurityAppApplication using Java 1.8.0_281 on RAMSAI-VAJRAPU with PID 1692 (E:\CG Sprints\main\Apartment-Security-App\target\classes started by Ram Sai Vajrapu in E:\CG Sprints\main\Apartment-Security-App)
2021-04-12 18:18:31,427 DEBUG com.cg.aps.application.ApartmentSecurityAppApplication [restartedMain] Running with Spring Boot v2.4.3, Spring v5.3.4
2021-04-12 18:18:31,428 INFO com.cg.aps.application.ApartmentSecurityAppApplication [restartedMain] No active profile set, falling back to default profiles: default
2021-04-12 18:18:31,539 INFO org.springframework.boot.devtools.env.DevToolsPropertyDefaultsPostProcessor [restartedMain] Devtools property defaults active! Set 'spring.devtools.add-properties' to 'false' to disable
2021-04-12 18:18:31,539 INFO org.springframework.boot.devtools.env.DevToolsPropertyDefaultsPostProcessor [restartedMain] For additional web related logging consider setting the 'logging.level.web' property to 'DEBUG'
2021-04-12 18:18:32,726 INFO org.springframework.data.repository.config.RepositoryConfigurationDelegate [restartedMain] Bootstrapping Spring Data JPA repositories in DEFAULT mode.
2021-04-12 18:18:32,826 INFO org.springframework.data.repository.config.RepositoryConfigurationDelegate [restartedMain] Finished Spring Data repository scanning in 86 ms. Found 10 JPA repository interfaces.
2021-04-12 18:18:34,407 INFO org.springframework.boot.web.embedded.tomcat.TomcatWebServer [restartedMain] Tomcat initialized with port(s): 8085 (http)
2021-04-12 18:18:34,423 INFO org.apache.coyote.http11.Http11NioProtocol [restartedMain] Initializing ProtocolHandler ["http-nio-8085"]
2021-04-12 18:18:34,423 INFO org.apache.catalina.core.StandardService [restartedMain] Starting service [Tomcat]
2021-04-12 18:18:34,424 INFO org.apache.catalina.core.StandardEngine [restartedMain] Starting Servlet engine: [Apache Tomcat/9.0.43]
2021-04-12 18:18:34,640 INFO org.apache.catalina.core.ContainerBase.[Tomcat].[localhost].[/springfox] [restartedMain] Initializing Spring embedded WebApplicationContext
2021-04-12 18:18:34,640 INFO org.springframework.boot.web.servlet.context.ServletWebServerApplicationContext [restartedMain] Root WebApplicationContext: initialization completed in 3101 ms
2021-04-12 18:18:35,003 INFO org.hibernate.jpa.internal.util.LogHelper [restartedMain] HHH000204: Processing PersistenceUnitInfo [name: default]
2021-04-12 18:18:35,065 INFO org.hibernate.Version [restartedMain] HHH000412: Hibernate ORM core version 5.4.28.Final
2021-04-12 18:18:35,227 INFO org.hibernate.annotations.common.Version [restartedMain] HCANN000001: Hibernate Commons Annotations {5.1.2.Final}
2021-04-12 18:18:35,345 INFO com.zaxxer.hikari.HikariDataSource [restartedMain] HikariPool-1 - Starting...
2021-04-12 18:18:35,924 INFO com.zaxxer.hikari.HikariDataSource [restartedMain] HikariPool-1 - Start completed.
2021-04-12 18:18:35,963 INFO org.hibernate.dialect.Dialect [restartedMain] HHH000400: Using dialect: org.hibernate.dialect.PostgreSQL10Dialect
2021-04-12 18:18:38,019 INFO org.hibernate.engine.transaction.jta.platform.internal.JtaPlatformInitiator [restartedMain] HHH000490: Using JtaPlatform implementation: [org.hibernate.engine.transaction.jta.platform.internal.NoJtaPlatform]
2021-04-12 18:18:38,029 INFO org.springframework.orm.jpa.LocalContainerEntityManagerFactoryBean [restartedMain] Initialized JPA EntityManagerFactory for persistence unit 'default'
2021-04-12 18:18:38,044 INFO org.springframework.boot.devtools.autoconfigure.OptionalLiveReloadServer [restartedMain] LiveReload server is running on port 35729
2021-04-12 18:18:39,144 WARN org.springframework.boot.autoconfigure.orm.jpa.JpaBaseConfiguration$JpaWebConfiguration [restartedMain] spring.jpa.open-in-view is enabled by default. Therefore, database queries may be performed during view rendering. Explicitly configure spring.jpa.open-in-view to disable this warning
2021-04-12 18:18:39,360 INFO org.springframework.boot.actuate.endpoint.web.EndpointLinksResolver [restartedMain] Exposing 2 endpoint(s) beneath base path '/actuator'
2021-04-12 18:18:39,816 INFO org.apache.coyote.http11.Http11NioProtocol [restartedMain] Starting ProtocolHandler ["http-nio-8085"]
2021-04-12 18:18:39,847 INFO org.springframework.boot.web.embedded.tomcat.TomcatWebServer [restartedMain] Tomcat started on port(s): 8085 (http) with context path '/springfox'
2021-04-12 18:18:40,698 INFO com.cg.aps.application.ApartmentSecurityAppApplication [restartedMain] Started ApartmentSecurityAppApplication in 9.818 seconds (JVM running for 10.489)
2021-04-12 18:19:26,496 INFO org.apache.catalina.core.ContainerBase.[Tomcat].[localhost].[/springfox] [http-nio-8085-exec-1] Initializing Spring DispatcherServlet 'dispatcherServlet'
2021-04-12 18:19:26,496 INFO org.springframework.web.servlet.DispatcherServlet [http-nio-8085-exec-1] Initializing Servlet 'dispatcherServlet'
2021-04-12 18:19:26,499 INFO org.springframework.web.servlet.DispatcherServlet [http-nio-8085-exec-1] Completed initialization in 3 ms
2021-04-12 18:19:26,581 DEBUG com.cg.aps.aspect.LoggerAspectOwner [http-nio-8085-exec-1] Entering method : com.cg.aps.controller.OwnerController.getAllAlerts() with argument[s] = []
2021-04-12 18:19:26,719 DEBUG com.cg.aps.aspect.LoggerAspectOwner [http-nio-8085-exec-1] Exiting method: com.cg.aps.controller.OwnerController.getAllAlerts() with result = <200 OK OK,[SecurityAlert(id=16, alertMessage=There is a problem, please help, alertType=Fire Problem, alertDate=2020-12-10, guard=null, owner=null), SecurityAlert(id=17, alertMessage=There is a problem, please help, alertType=No Fire Just Kidding, alertDate=2021-08-30, guard=null, owner=null)],[]>
